--------------- Build Started: 09/22/2016 17:23:55 Project: firmware, Configuration: DP8051 Keil 9.51 Release ---------------
cydsfit.exe -.appdatapath "C:\Users\MattiaCP\AppData\Local\Cypress Semiconductor\PSoC Creator\3.3" -.fdsnotice -.fdswarpdepfile=warp_dependencies.txt -.fdselabdepfile=elab_dependencies.txt -.fdsbldfile=generated_files.txt -p "C:\Users\MattiaCP\Google Drive\QB\IMU\Last Version\IMU Board v 1.00\firmware.cydsn\firmware.cyprj" -d CY8C3246PVI-147 -s "C:\Users\MattiaCP\Google Drive\QB\IMU\Last Version\IMU Board v 1.00\firmware.cydsn\Generated_Source\PSoC3" -- -yv2 -q10 -ygs -o2 -v3 -.fftcfgtype=BE
Elaborating Design...
ADD: pft.M0028: warning: Clock Warning: (isr_clock's accuracy range '100  Hz -55% +100%, (45  Hz - 200  Hz)' is not within the specified tolerance range '100  Hz +/- 5%, (95  Hz - 105  Hz)'.).
 * C:\Users\MattiaCP\Google Drive\QB\IMU\Last Version\IMU Board v 1.00\firmware.cydsn\firmware.cydwr (isr_clock)
 * C:\Users\MattiaCP\Google Drive\QB\IMU\Last Version\IMU Board v 1.00\firmware.cydsn\TopDesign\TopDesign.cysch (Instance:isr_clock)
HDL Generation ...
Synthesis ...
Place and Route ...
Tech mapping ...
Analog Placement ...
Analog Routing ...
Analog Code Generation ...
Digital Placement ...
Digital Routing ...
Bitstream Generation ...
Static timing analysis ...
API Generation ...
Dependency Generation ...
Clean Temporary Files ...
c51.exe .\command_processing.c NOIV LARGE MODDP2 OMF2 VB(1) NOIP "INCDIR(., Generated_Source\PSoC3)" FF(3) DB DF(NDEBUG) WL(2) PR(.\DP8051_Keil_951\Release/command_processing.lst) CD OT(11 ,Speed) OJ(.\DP8051_Keil_951\Release\command_processing.obj)
*** MESSAGE C286 IN LINE 0 OF (null): license limits optimization to level 5
WARNING: .\command_processing.c:256: 'i': unreferenced local variable
WARNING: .\command_processing.c:257: 'aux_int': unreferenced local variable
WARNING: .\command_processing.c:258: 'aux_uchar': unreferenced local variable
WARNING: .\command_processing.c:379: 'i': unreferenced local variable
WARNING: .\command_processing.c:720: 'i': unreferenced local variable
WARNING: .\command_processing.c:852: 'flags': unreferenced local variable
WARNING: .\command_processing.c:906: 'flags': unreferenced local variable
c51.exe .\globals.c NOIV LARGE MODDP2 OMF2 VB(1) NOIP "INCDIR(., Generated_Source\PSoC3)" FF(3) DB DF(NDEBUG) WL(2) PR(.\DP8051_Keil_951\Release/globals.lst) CD OT(11 ,Speed) OJ(.\DP8051_Keil_951\Release\globals.obj)
*** MESSAGE C286 IN LINE 0 OF (null): license limits optimization to level 5
c51.exe .\interruptions.c NOIV LARGE MODDP2 OMF2 VB(1) NOIP "INCDIR(., Generated_Source\PSoC3)" FF(3) DB DF(NDEBUG) WL(2) PR(.\DP8051_Keil_951\Release/interruptions.lst) CD OT(11 ,Speed) OJ(.\DP8051_Keil_951\Release\interruptions.obj)
*** MESSAGE C286 IN LINE 0 OF (null): license limits optimization to level 5
WARNING: .\interruptions.c:209: 'counter_calibration': unreferenced local variable
c51.exe .\main.c NOIV LARGE MODDP2 OMF2 VB(1) NOIP "INCDIR(., Generated_Source\PSoC3)" FF(3) DB DF(NDEBUG) WL(2) PR(.\DP8051_Keil_951\Release/main.lst) CD OT(11 ,Speed) OJ(.\DP8051_Keil_951\Release\main.obj)
*** MESSAGE C286 IN LINE 0 OF (null): license limits optimization to level 5
WARNING: .\main.c:53: 'i': unreferenced local variable
WARNING: .\main.c:57: 'DMA_Chan': unreferenced local variable
WARNING: .\main.c:58: 'DMA_TD': unreferenced local variable
WARNING: .\main.c:62: 'k_imu': unreferenced local variable
c51.exe .\utils.c NOIV LARGE MODDP2 OMF2 VB(1) NOIP "INCDIR(., Generated_Source\PSoC3)" FF(3) DB DF(NDEBUG) WL(2) PR(.\DP8051_Keil_951\Release/utils.lst) CD OT(11 ,Speed) OJ(.\DP8051_Keil_951\Release\utils.obj)
*** MESSAGE C286 IN LINE 0 OF (null): license limits optimization to level 5
c51.exe .\IMU_functions.c NOIV LARGE MODDP2 OMF2 VB(1) NOIP "INCDIR(., Generated_Source\PSoC3)" FF(3) DB DF(NDEBUG) WL(2) PR(.\DP8051_Keil_951\Release/IMU_functions.lst) CD OT(11 ,Speed) OJ(.\DP8051_Keil_951\Release\IMU_functions.obj)
*** MESSAGE C286 IN LINE 0 OF (null): license limits optimization to level 5
WARNING: .\IMU_functions.c:25: 'k_imu': unreferenced local variable
c51.exe .\Generated_Source\PSoC3\cyfitter_cfg.c NOIV LARGE MODDP2 OMF2 VB(1) NOIP "INCDIR(., Generated_Source\PSoC3)" FF(3) DB DF(NDEBUG) WL(2) PR(.\DP8051_Keil_951\Release/cyfitter_cfg.lst) CD OT(11 ,Speed) DF(CYAPP_ECC_OFFSET='1216') OJ(.\DP8051_Keil_951\Release\cyfitter_cfg.obj)
*** MESSAGE C286 IN LINE 0 OF (null): license limits optimization to level 5
c51.exe .\Generated_Source\PSoC3\UART_RS485.c NOIV LARGE MODDP2 OMF2 VB(1) NOIP "INCDIR(., Generated_Source\PSoC3)" FF(3) DB DF(NDEBUG) WL(2) PR(.\DP8051_Keil_951\Release/UART_RS485.lst) CD OT(11 ,Speed) OJ(.\DP8051_Keil_951\Release\UART_RS485.obj)
*** MESSAGE C286 IN LINE 0 OF (null): license limits optimization to level 5
c51.exe .\Generated_Source\PSoC3\UART_RS485_PM.c NOIV LARGE MODDP2 OMF2 VB(1) NOIP "INCDIR(., Generated_Source\PSoC3)" FF(3) DB DF(NDEBUG) WL(2) PR(.\DP8051_Keil_951\Release/UART_RS485_PM.lst) CD OT(11 ,Speed) OJ(.\DP8051_Keil_951\Release\UART_RS485_PM.obj)
*** MESSAGE C286 IN LINE 0 OF (null): license limits optimization to level 5
c51.exe .\Generated_Source\PSoC3\UART_RS485_INT.c NOIV LARGE MODDP2 OMF2 VB(1) NOIP "INCDIR(., Generated_Source\PSoC3)" FF(3) DB DF(NDEBUG) WL(2) PR(.\DP8051_Keil_951\Release/UART_RS485_INT.lst) CD OT(11 ,Speed) OJ(.\DP8051_Keil_951\Release\UART_RS485_INT.obj)
*** MESSAGE C286 IN LINE 0 OF (null): license limits optimization to level 5
c51.exe .\Generated_Source\PSoC3\UART_RS485_BOOT.c NOIV LARGE MODDP2 OMF2 VB(1) NOIP "INCDIR(., Generated_Source\PSoC3)" FF(3) DB DF(NDEBUG) WL(2) PR(.\DP8051_Keil_951\Release/UART_RS485_BOOT.lst) CD OT(11 ,Speed) OJ(.\DP8051_Keil_951\Release\UART_RS485_BOOT.obj)
*** MESSAGE C286 IN LINE 0 OF (null): license limits optimization to level 5
c51.exe .\Generated_Source\PSoC3\RS_485_EN.c NOIV LARGE MODDP2 OMF2 VB(1) NOIP "INCDIR(., Generated_Source\PSoC3)" FF(3) DB DF(NDEBUG) WL(2) PR(.\DP8051_Keil_951\Release/RS_485_EN.lst) CD OT(11 ,Speed) OJ(.\DP8051_Keil_951\Release\RS_485_EN.obj)
*** MESSAGE C286 IN LINE 0 OF (null): license limits optimization to level 5
c51.exe .\Generated_Source\PSoC3\ISR_RS485_RX.c NOIV LARGE MODDP2 OMF2 VB(1) NOIP "INCDIR(., Generated_Source\PSoC3)" FF(3) DB DF(NDEBUG) WL(2) PR(.\DP8051_Keil_951\Release/ISR_RS485_RX.lst) CD OT(11 ,Speed) OJ(.\DP8051_Keil_951\Release\ISR_RS485_RX.obj)
*** MESSAGE C286 IN LINE 0 OF (null): license limits optimization to level 5
c51.exe .\Generated_Source\PSoC3\PACER_TIMER.c NOIV LARGE MODDP2 OMF2 VB(1) NOIP "INCDIR(., Generated_Source\PSoC3)" FF(3) DB DF(NDEBUG) WL(2) PR(.\DP8051_Keil_951\Release/PACER_TIMER.lst) CD OT(11 ,Speed) OJ(.\DP8051_Keil_951\Release\PACER_TIMER.obj)
*** MESSAGE C286 IN LINE 0 OF (null): license limits optimization to level 5
c51.exe .\Generated_Source\PSoC3\PACER_TIMER_PM.c NOIV LARGE MODDP2 OMF2 VB(1) NOIP "INCDIR(., Generated_Source\PSoC3)" FF(3) DB DF(NDEBUG) WL(2) PR(.\DP8051_Keil_951\Release/PACER_TIMER_PM.lst) CD OT(11 ,Speed) OJ(.\DP8051_Keil_951\Release\PACER_TIMER_PM.obj)
*** MESSAGE C286 IN LINE 0 OF (null): license limits optimization to level 5
c51.exe .\Generated_Source\PSoC3\CLOCK_UART.c NOIV LARGE MODDP2 OMF2 VB(1) NOIP "INCDIR(., Generated_Source\PSoC3)" FF(3) DB DF(NDEBUG) WL(2) PR(.\DP8051_Keil_951\Release/CLOCK_UART.lst) CD OT(11 ,Speed) OJ(.\DP8051_Keil_951\Release\CLOCK_UART.obj)
*** MESSAGE C286 IN LINE 0 OF (null): license limits optimization to level 5
c51.exe .\Generated_Source\PSoC3\EEPROM.c NOIV LARGE MODDP2 OMF2 VB(1) NOIP "INCDIR(., Generated_Source\PSoC3)" FF(3) DB DF(NDEBUG) WL(2) PR(.\DP8051_Keil_951\Release/EEPROM.lst) CD OT(11 ,Speed) OJ(.\DP8051_Keil_951\Release\EEPROM.obj)
*** MESSAGE C286 IN LINE 0 OF (null): license limits optimization to level 5
c51.exe .\Generated_Source\PSoC3\USB_VDD.c NOIV LARGE MODDP2 OMF2 VB(1) NOIP "INCDIR(., Generated_Source\PSoC3)" FF(3) DB DF(NDEBUG) WL(2) PR(.\DP8051_Keil_951\Release/USB_VDD.lst) CD OT(11 ,Speed) OJ(.\DP8051_Keil_951\Release\USB_VDD.obj)
*** MESSAGE C286 IN LINE 0 OF (null): license limits optimization to level 5
c51.exe .\Generated_Source\PSoC3\FTDI_ENABLE.c NOIV LARGE MODDP2 OMF2 VB(1) NOIP "INCDIR(., Generated_Source\PSoC3)" FF(3) DB DF(NDEBUG) WL(2) PR(.\DP8051_Keil_951\Release/FTDI_ENABLE.lst) CD OT(11 ,Speed) OJ(.\DP8051_Keil_951\Release\FTDI_ENABLE.obj)
*** MESSAGE C286 IN LINE 0 OF (null): license limits optimization to level 5
c51.exe .\Generated_Source\PSoC3\RS485_CTS.c NOIV LARGE MODDP2 OMF2 VB(1) NOIP "INCDIR(., Generated_Source\PSoC3)" FF(3) DB DF(NDEBUG) WL(2) PR(.\DP8051_Keil_951\Release/RS485_CTS.lst) CD OT(11 ,Speed) OJ(.\DP8051_Keil_951\Release\RS485_CTS.obj)
*** MESSAGE C286 IN LINE 0 OF (null): license limits optimization to level 5
c51.exe .\Generated_Source\PSoC3\RS485_CTS_PM.c NOIV LARGE MODDP2 OMF2 VB(1) NOIP "INCDIR(., Generated_Source\PSoC3)" FF(3) DB DF(NDEBUG) WL(2) PR(.\DP8051_Keil_951\Release/RS485_CTS_PM.lst) CD OT(11 ,Speed) OJ(.\DP8051_Keil_951\Release\RS485_CTS_PM.obj)
*** MESSAGE C286 IN LINE 0 OF (null): license limits optimization to level 5
c51.exe .\Generated_Source\PSoC3\Bootloadable.c NOIV LARGE MODDP2 OMF2 VB(1) NOIP "INCDIR(., Generated_Source\PSoC3)" FF(3) DB DF(NDEBUG) WL(2) PR(.\DP8051_Keil_951\Release/Bootloadable.lst) CD OT(11 ,Speed) OJ(.\DP8051_Keil_951\Release\Bootloadable.obj)
*** MESSAGE C286 IN LINE 0 OF (null): license limits optimization to level 5
c51.exe .\Generated_Source\PSoC3\FTDI_ENABLE_REG.c NOIV LARGE MODDP2 OMF2 VB(1) NOIP "INCDIR(., Generated_Source\PSoC3)" FF(3) DB DF(NDEBUG) WL(2) PR(.\DP8051_Keil_951\Release/FTDI_ENABLE_REG.lst) CD OT(11 ,Speed) OJ(.\DP8051_Keil_951\Release\FTDI_ENABLE_REG.obj)
*** MESSAGE C286 IN LINE 0 OF (null): license limits optimization to level 5
c51.exe .\Generated_Source\PSoC3\FTDI_ENABLE_REG_PM.c NOIV LARGE MODDP2 OMF2 VB(1) NOIP "INCDIR(., Generated_Source\PSoC3)" FF(3) DB DF(NDEBUG) WL(2) PR(.\DP8051_Keil_951\Release/FTDI_ENABLE_REG_PM.lst) CD OT(11 ,Speed) OJ(.\DP8051_Keil_951\Release\FTDI_ENABLE_REG_PM.obj)
*** MESSAGE C286 IN LINE 0 OF (null): license limits optimization to level 5
c51.exe .\Generated_Source\PSoC3\RESET_FF.c NOIV LARGE MODDP2 OMF2 VB(1) NOIP "INCDIR(., Generated_Source\PSoC3)" FF(3) DB DF(NDEBUG) WL(2) PR(.\DP8051_Keil_951\Release/RESET_FF.lst) CD OT(11 ,Speed) OJ(.\DP8051_Keil_951\Release\RESET_FF.obj)
*** MESSAGE C286 IN LINE 0 OF (null): license limits optimization to level 5
c51.exe .\Generated_Source\PSoC3\RESET_FF_PM.c NOIV LARGE MODDP2 OMF2 VB(1) NOIP "INCDIR(., Generated_Source\PSoC3)" FF(3) DB DF(NDEBUG) WL(2) PR(.\DP8051_Keil_951\Release/RESET_FF_PM.lst) CD OT(11 ,Speed) OJ(.\DP8051_Keil_951\Release\RESET_FF_PM.obj)
*** MESSAGE C286 IN LINE 0 OF (null): license limits optimization to level 5
c51.exe .\Generated_Source\PSoC3\FF_STATUS.c NOIV LARGE MODDP2 OMF2 VB(1) NOIP "INCDIR(., Generated_Source\PSoC3)" FF(3) DB DF(NDEBUG) WL(2) PR(.\DP8051_Keil_951\Release/FF_STATUS.lst) CD OT(11 ,Speed) OJ(.\DP8051_Keil_951\Release\FF_STATUS.obj)
*** MESSAGE C286 IN LINE 0 OF (null): license limits optimization to level 5
c51.exe .\Generated_Source\PSoC3\MY_TIMER.c NOIV LARGE MODDP2 OMF2 VB(1) NOIP "INCDIR(., Generated_Source\PSoC3)" FF(3) DB DF(NDEBUG) WL(2) PR(.\DP8051_Keil_951\Release/MY_TIMER.lst) CD OT(11 ,Speed) OJ(.\DP8051_Keil_951\Release\MY_TIMER.obj)
*** MESSAGE C286 IN LINE 0 OF (null): license limits optimization to level 5
c51.exe .\Generated_Source\PSoC3\MY_TIMER_PM.c NOIV LARGE MODDP2 OMF2 VB(1) NOIP "INCDIR(., Generated_Source\PSoC3)" FF(3) DB DF(NDEBUG) WL(2) PR(.\DP8051_Keil_951\Release/MY_TIMER_PM.lst) CD OT(11 ,Speed) OJ(.\DP8051_Keil_951\Release\MY_TIMER_PM.obj)
*** MESSAGE C286 IN LINE 0 OF (null): license limits optimization to level 5
c51.exe .\Generated_Source\PSoC3\timer_clock.c NOIV LARGE MODDP2 OMF2 VB(1) NOIP "INCDIR(., Generated_Source\PSoC3)" FF(3) DB DF(NDEBUG) WL(2) PR(.\DP8051_Keil_951\Release/timer_clock.lst) CD OT(11 ,Speed) OJ(.\DP8051_Keil_951\Release\timer_clock.obj)
*** MESSAGE C286 IN LINE 0 OF (null): license limits optimization to level 5
Ax51.exe .\Generated_Source\PSoC3\CyBootAsmKeil.a51 CASE EP "INCDIR(., Generated_Source\PSoC3)" MACRO DF(NDEBUG) NOCO PR(.\DP8051_Keil_951\Release/CyBootAsmKeil.lst) OJ(.\DP8051_Keil_951\Release\CyBootAsmKeil.obj)
c51.exe .\Generated_Source\PSoC3\CyDmac.c NOIV LARGE MODDP2 OMF2 VB(1) NOIP "INCDIR(., Generated_Source\PSoC3)" FF(3) DB DF(NDEBUG) WL(2) PR(.\DP8051_Keil_951\Release/CyDmac.lst) CD OT(11 ,Speed) OJ(.\DP8051_Keil_951\Release\CyDmac.obj)
*** MESSAGE C286 IN LINE 0 OF (null): license limits optimization to level 5
c51.exe .\Generated_Source\PSoC3\CyFlash.c NOIV LARGE MODDP2 OMF2 VB(1) NOIP "INCDIR(., Generated_Source\PSoC3)" FF(3) DB DF(NDEBUG) WL(2) PR(.\DP8051_Keil_951\Release/CyFlash.lst) CD OT(11 ,Speed) OJ(.\DP8051_Keil_951\Release\CyFlash.obj)
*** MESSAGE C286 IN LINE 0 OF (null): license limits optimization to level 5
c51.exe .\Generated_Source\PSoC3\CyLib.c NOIV LARGE MODDP2 OMF2 VB(1) NOIP "INCDIR(., Generated_Source\PSoC3)" FF(3) DB DF(NDEBUG) WL(2) PR(.\DP8051_Keil_951\Release/CyLib.lst) CD OT(11 ,Speed) OJ(.\DP8051_Keil_951\Release\CyLib.obj)
*** MESSAGE C286 IN LINE 0 OF (null): license limits optimization to level 5
Ax51.exe .\Generated_Source\PSoC3\cymem.a51 CASE EP "INCDIR(., Generated_Source\PSoC3)" MACRO DF(NDEBUG) NOCO PR(.\DP8051_Keil_951\Release/cymem.lst) OJ(.\DP8051_Keil_951\Release\cymem.obj)
c51.exe .\Generated_Source\PSoC3\cyPm.c NOIV LARGE MODDP2 OMF2 VB(1) NOIP "INCDIR(., Generated_Source\PSoC3)" FF(3) DB DF(NDEBUG) WL(2) PR(.\DP8051_Keil_951\Release/cyPm.lst) CD OT(11 ,Speed) OJ(.\DP8051_Keil_951\Release\cyPm.obj)
*** MESSAGE C286 IN LINE 0 OF (null): license limits optimization to level 5
c51.exe .\Generated_Source\PSoC3\CySpc.c NOIV LARGE MODDP2 OMF2 VB(1) NOIP "INCDIR(., Generated_Source\PSoC3)" FF(3) DB DF(NDEBUG) WL(2) PR(.\DP8051_Keil_951\Release/CySpc.lst) CD OT(11 ,Speed) OJ(.\DP8051_Keil_951\Release\CySpc.obj)
*** MESSAGE C286 IN LINE 0 OF (null): license limits optimization to level 5
c51.exe .\Generated_Source\PSoC3\cyutils.c NOIV LARGE MODDP2 OMF2 VB(1) NOIP "INCDIR(., Generated_Source\PSoC3)" FF(3) DB DF(NDEBUG) WL(2) PR(.\DP8051_Keil_951\Release/cyutils.lst) CD OT(11 ,Speed) OJ(.\DP8051_Keil_951\Release\cyutils.obj)
*** MESSAGE C286 IN LINE 0 OF (null): license limits optimization to level 5
Ax51.exe .\Generated_Source\PSoC3\KeilStart.a51 CASE EP "INCDIR(., Generated_Source\PSoC3)" MACRO DF(NDEBUG) NOCO PR(.\DP8051_Keil_951\Release/KeilStart.lst) OJ(.\DP8051_Keil_951\Release\KeilStart.obj)
c51.exe .\Generated_Source\PSoC3\WATCHDOG_CLK.c NOIV LARGE MODDP2 OMF2 VB(1) NOIP "INCDIR(., Generated_Source\PSoC3)" FF(3) DB DF(NDEBUG) WL(2) PR(.\DP8051_Keil_951\Release/WATCHDOG_CLK.lst) CD OT(11 ,Speed) OJ(.\DP8051_Keil_951\Release\WATCHDOG_CLK.obj)
*** MESSAGE C286 IN LINE 0 OF (null): license limits optimization to level 5
c51.exe .\Generated_Source\PSoC3\ISR_WATCHDOG.c NOIV LARGE MODDP2 OMF2 VB(1) NOIP "INCDIR(., Generated_Source\PSoC3)" FF(3) DB DF(NDEBUG) WL(2) PR(.\DP8051_Keil_951\Release/ISR_WATCHDOG.lst) CD OT(11 ,Speed) OJ(.\DP8051_Keil_951\Release\ISR_WATCHDOG.obj)
*** MESSAGE C286 IN LINE 0 OF (null): license limits optimization to level 5
c51.exe .\Generated_Source\PSoC3\WATCHDOG_COUNTER.c NOIV LARGE MODDP2 OMF2 VB(1) NOIP "INCDIR(., Generated_Source\PSoC3)" FF(3) DB DF(NDEBUG) WL(2) PR(.\DP8051_Keil_951\Release/WATCHDOG_COUNTER.lst) CD OT(11 ,Speed) OJ(.\DP8051_Keil_951\Release\WATCHDOG_COUNTER.obj)
*** MESSAGE C286 IN LINE 0 OF (null): license limits optimization to level 5
c51.exe .\Generated_Source\PSoC3\WATCHDOG_COUNTER_PM.c NOIV LARGE MODDP2 OMF2 VB(1) NOIP "INCDIR(., Generated_Source\PSoC3)" FF(3) DB DF(NDEBUG) WL(2) PR(.\DP8051_Keil_951\Release/WATCHDOG_COUNTER_PM.lst) CD OT(11 ,Speed) OJ(.\DP8051_Keil_951\Release\WATCHDOG_COUNTER_PM.obj)
*** MESSAGE C286 IN LINE 0 OF (null): license limits optimization to level 5
c51.exe .\Generated_Source\PSoC3\WATCHDOG_ENABLER.c NOIV LARGE MODDP2 OMF2 VB(1) NOIP "INCDIR(., Generated_Source\PSoC3)" FF(3) DB DF(NDEBUG) WL(2) PR(.\DP8051_Keil_951\Release/WATCHDOG_ENABLER.lst) CD OT(11 ,Speed) OJ(.\DP8051_Keil_951\Release\WATCHDOG_ENABLER.obj)
*** MESSAGE C286 IN LINE 0 OF (null): license limits optimization to level 5
c51.exe .\Generated_Source\PSoC3\WATCHDOG_ENABLER_PM.c NOIV LARGE MODDP2 OMF2 VB(1) NOIP "INCDIR(., Generated_Source\PSoC3)" FF(3) DB DF(NDEBUG) WL(2) PR(.\DP8051_Keil_951\Release/WATCHDOG_ENABLER_PM.lst) CD OT(11 ,Speed) OJ(.\DP8051_Keil_951\Release\WATCHDOG_ENABLER_PM.obj)
*** MESSAGE C286 IN LINE 0 OF (null): license limits optimization to level 5
c51.exe .\Generated_Source\PSoC3\WATCHDOG_REFRESH.c NOIV LARGE MODDP2 OMF2 VB(1) NOIP "INCDIR(., Generated_Source\PSoC3)" FF(3) DB DF(NDEBUG) WL(2) PR(.\DP8051_Keil_951\Release/WATCHDOG_REFRESH.lst) CD OT(11 ,Speed) OJ(.\DP8051_Keil_951\Release\WATCHDOG_REFRESH.obj)
*** MESSAGE C286 IN LINE 0 OF (null): license limits optimization to level 5
c51.exe .\Generated_Source\PSoC3\WATCHDOG_REFRESH_PM.c NOIV LARGE MODDP2 OMF2 VB(1) NOIP "INCDIR(., Generated_Source\PSoC3)" FF(3) DB DF(NDEBUG) WL(2) PR(.\DP8051_Keil_951\Release/WATCHDOG_REFRESH_PM.lst) CD OT(11 ,Speed) OJ(.\DP8051_Keil_951\Release\WATCHDOG_REFRESH_PM.obj)
*** MESSAGE C286 IN LINE 0 OF (null): license limits optimization to level 5
c51.exe .\Generated_Source\PSoC3\SPI_IMU.c NOIV LARGE MODDP2 OMF2 VB(1) NOIP "INCDIR(., Generated_Source\PSoC3)" FF(3) DB DF(NDEBUG) WL(2) PR(.\DP8051_Keil_951\Release/SPI_IMU.lst) CD OT(11 ,Speed) OJ(.\DP8051_Keil_951\Release\SPI_IMU.obj)
*** MESSAGE C286 IN LINE 0 OF (null): license limits optimization to level 5
c51.exe .\Generated_Source\PSoC3\SPI_IMU_PM.c NOIV LARGE MODDP2 OMF2 VB(1) NOIP "INCDIR(., Generated_Source\PSoC3)" FF(3) DB DF(NDEBUG) WL(2) PR(.\DP8051_Keil_951\Release/SPI_IMU_PM.lst) CD OT(11 ,Speed) OJ(.\DP8051_Keil_951\Release\SPI_IMU_PM.obj)
*** MESSAGE C286 IN LINE 0 OF (null): license limits optimization to level 5
c51.exe .\Generated_Source\PSoC3\SPI_IMU_INT.c NOIV LARGE MODDP2 OMF2 VB(1) NOIP "INCDIR(., Generated_Source\PSoC3)" FF(3) DB DF(NDEBUG) WL(2) PR(.\DP8051_Keil_951\Release/SPI_IMU_INT.lst) CD OT(11 ,Speed) OJ(.\DP8051_Keil_951\Release\SPI_IMU_INT.obj)
*** MESSAGE C286 IN LINE 0 OF (null): license limits optimization to level 5
c51.exe .\Generated_Source\PSoC3\MISO.c NOIV LARGE MODDP2 OMF2 VB(1) NOIP "INCDIR(., Generated_Source\PSoC3)" FF(3) DB DF(NDEBUG) WL(2) PR(.\DP8051_Keil_951\Release/MISO.lst) CD OT(11 ,Speed) OJ(.\DP8051_Keil_951\Release\MISO.obj)
*** MESSAGE C286 IN LINE 0 OF (null): license limits optimization to level 5
c51.exe .\Generated_Source\PSoC3\MOSI.c NOIV LARGE MODDP2 OMF2 VB(1) NOIP "INCDIR(., Generated_Source\PSoC3)" FF(3) DB DF(NDEBUG) WL(2) PR(.\DP8051_Keil_951\Release/MOSI.lst) CD OT(11 ,Speed) OJ(.\DP8051_Keil_951\Release\MOSI.obj)
*** MESSAGE C286 IN LINE 0 OF (null): license limits optimization to level 5
c51.exe .\Generated_Source\PSoC3\SCLK.c NOIV LARGE MODDP2 OMF2 VB(1) NOIP "INCDIR(., Generated_Source\PSoC3)" FF(3) DB DF(NDEBUG) WL(2) PR(.\DP8051_Keil_951\Release/SCLK.lst) CD OT(11 ,Speed) OJ(.\DP8051_Keil_951\Release\SCLK.obj)
*** MESSAGE C286 IN LINE 0 OF (null): license limits optimization to level 5
c51.exe .\Generated_Source\PSoC3\CS01.c NOIV LARGE MODDP2 OMF2 VB(1) NOIP "INCDIR(., Generated_Source\PSoC3)" FF(3) DB DF(NDEBUG) WL(2) PR(.\DP8051_Keil_951\Release/CS01.lst) CD OT(11 ,Speed) OJ(.\DP8051_Keil_951\Release\CS01.obj)
*** MESSAGE C286 IN LINE 0 OF (null): license limits optimization to level 5
c51.exe .\Generated_Source\PSoC3\CS02.c NOIV LARGE MODDP2 OMF2 VB(1) NOIP "INCDIR(., Generated_Source\PSoC3)" FF(3) DB DF(NDEBUG) WL(2) PR(.\DP8051_Keil_951\Release/CS02.lst) CD OT(11 ,Speed) OJ(.\DP8051_Keil_951\Release\CS02.obj)
*** MESSAGE C286 IN LINE 0 OF (null): license limits optimization to level 5
c51.exe .\Generated_Source\PSoC3\CS03.c NOIV LARGE MODDP2 OMF2 VB(1) NOIP "INCDIR(., Generated_Source\PSoC3)" FF(3) DB DF(NDEBUG) WL(2) PR(.\DP8051_Keil_951\Release/CS03.lst) CD OT(11 ,Speed) OJ(.\DP8051_Keil_951\Release\CS03.obj)
*** MESSAGE C286 IN LINE 0 OF (null): license limits optimization to level 5
c51.exe .\Generated_Source\PSoC3\CS04.c NOIV LARGE MODDP2 OMF2 VB(1) NOIP "INCDIR(., Generated_Source\PSoC3)" FF(3) DB DF(NDEBUG) WL(2) PR(.\DP8051_Keil_951\Release/CS04.lst) CD OT(11 ,Speed) OJ(.\DP8051_Keil_951\Release\CS04.obj)
*** MESSAGE C286 IN LINE 0 OF (null): license limits optimization to level 5
c51.exe .\Generated_Source\PSoC3\CS05.c NOIV LARGE MODDP2 OMF2 VB(1) NOIP "INCDIR(., Generated_Source\PSoC3)" FF(3) DB DF(NDEBUG) WL(2) PR(.\DP8051_Keil_951\Release/CS05.lst) CD OT(11 ,Speed) OJ(.\DP8051_Keil_951\Release\CS05.obj)
*** MESSAGE C286 IN LINE 0 OF (null): license limits optimization to level 5
c51.exe .\Generated_Source\PSoC3\CS06.c NOIV LARGE MODDP2 OMF2 VB(1) NOIP "INCDIR(., Generated_Source\PSoC3)" FF(3) DB DF(NDEBUG) WL(2) PR(.\DP8051_Keil_951\Release/CS06.lst) CD OT(11 ,Speed) OJ(.\DP8051_Keil_951\Release\CS06.obj)
*** MESSAGE C286 IN LINE 0 OF (null): license limits optimization to level 5
c51.exe .\Generated_Source\PSoC3\CS07.c NOIV LARGE MODDP2 OMF2 VB(1) NOIP "INCDIR(., Generated_Source\PSoC3)" FF(3) DB DF(NDEBUG) WL(2) PR(.\DP8051_Keil_951\Release/CS07.lst) CD OT(11 ,Speed) OJ(.\DP8051_Keil_951\Release\CS07.obj)
*** MESSAGE C286 IN LINE 0 OF (null): license limits optimization to level 5
c51.exe .\Generated_Source\PSoC3\CS08.c NOIV LARGE MODDP2 OMF2 VB(1) NOIP "INCDIR(., Generated_Source\PSoC3)" FF(3) DB DF(NDEBUG) WL(2) PR(.\DP8051_Keil_951\Release/CS08.lst) CD OT(11 ,Speed) OJ(.\DP8051_Keil_951\Release\CS08.obj)
*** MESSAGE C286 IN LINE 0 OF (null): license limits optimization to level 5
c51.exe .\Generated_Source\PSoC3\CS09.c NOIV LARGE MODDP2 OMF2 VB(1) NOIP "INCDIR(., Generated_Source\PSoC3)" FF(3) DB DF(NDEBUG) WL(2) PR(.\DP8051_Keil_951\Release/CS09.lst) CD OT(11 ,Speed) OJ(.\DP8051_Keil_951\Release\CS09.obj)
*** MESSAGE C286 IN LINE 0 OF (null): license limits optimization to level 5
c51.exe .\Generated_Source\PSoC3\CS10.c NOIV LARGE MODDP2 OMF2 VB(1) NOIP "INCDIR(., Generated_Source\PSoC3)" FF(3) DB DF(NDEBUG) WL(2) PR(.\DP8051_Keil_951\Release/CS10.lst) CD OT(11 ,Speed) OJ(.\DP8051_Keil_951\Release\CS10.obj)
*** MESSAGE C286 IN LINE 0 OF (null): license limits optimization to level 5
c51.exe .\Generated_Source\PSoC3\CS11.c NOIV LARGE MODDP2 OMF2 VB(1) NOIP "INCDIR(., Generated_Source\PSoC3)" FF(3) DB DF(NDEBUG) WL(2) PR(.\DP8051_Keil_951\Release/CS11.lst) CD OT(11 ,Speed) OJ(.\DP8051_Keil_951\Release\CS11.obj)
*** MESSAGE C286 IN LINE 0 OF (null): license limits optimization to level 5
c51.exe .\Generated_Source\PSoC3\CS12.c NOIV LARGE MODDP2 OMF2 VB(1) NOIP "INCDIR(., Generated_Source\PSoC3)" FF(3) DB DF(NDEBUG) WL(2) PR(.\DP8051_Keil_951\Release/CS12.lst) CD OT(11 ,Speed) OJ(.\DP8051_Keil_951\Release\CS12.obj)
*** MESSAGE C286 IN LINE 0 OF (null): license limits optimization to level 5
c51.exe .\Generated_Source\PSoC3\CS13.c NOIV LARGE MODDP2 OMF2 VB(1) NOIP "INCDIR(., Generated_Source\PSoC3)" FF(3) DB DF(NDEBUG) WL(2) PR(.\DP8051_Keil_951\Release/CS13.lst) CD OT(11 ,Speed) OJ(.\DP8051_Keil_951\Release\CS13.obj)
*** MESSAGE C286 IN LINE 0 OF (null): license limits optimization to level 5
c51.exe .\Generated_Source\PSoC3\CS14.c NOIV LARGE MODDP2 OMF2 VB(1) NOIP "INCDIR(., Generated_Source\PSoC3)" FF(3) DB DF(NDEBUG) WL(2) PR(.\DP8051_Keil_951\Release/CS14.lst) CD OT(11 ,Speed) OJ(.\DP8051_Keil_951\Release\CS14.obj)
*** MESSAGE C286 IN LINE 0 OF (null): license limits optimization to level 5
c51.exe .\Generated_Source\PSoC3\CS15.c NOIV LARGE MODDP2 OMF2 VB(1) NOIP "INCDIR(., Generated_Source\PSoC3)" FF(3) DB DF(NDEBUG) WL(2) PR(.\DP8051_Keil_951\Release/CS15.lst) CD OT(11 ,Speed) OJ(.\DP8051_Keil_951\Release\CS15.obj)
*** MESSAGE C286 IN LINE 0 OF (null): license limits optimization to level 5
c51.exe .\Generated_Source\PSoC3\CS16.c NOIV LARGE MODDP2 OMF2 VB(1) NOIP "INCDIR(., Generated_Source\PSoC3)" FF(3) DB DF(NDEBUG) WL(2) PR(.\DP8051_Keil_951\Release/CS16.lst) CD OT(11 ,Speed) OJ(.\DP8051_Keil_951\Release\CS16.obj)
*** MESSAGE C286 IN LINE 0 OF (null): license limits optimization to level 5
c51.exe .\Generated_Source\PSoC3\CS00.c NOIV LARGE MODDP2 OMF2 VB(1) NOIP "INCDIR(., Generated_Source\PSoC3)" FF(3) DB DF(NDEBUG) WL(2) PR(.\DP8051_Keil_951\Release/CS00.lst) CD OT(11 ,Speed) OJ(.\DP8051_Keil_951\Release\CS00.obj)
*** MESSAGE C286 IN LINE 0 OF (null): license limits optimization to level 5
c51.exe .\Generated_Source\PSoC3\isr_clock.c NOIV LARGE MODDP2 OMF2 VB(1) NOIP "INCDIR(., Generated_Source\PSoC3)" FF(3) DB DF(NDEBUG) WL(2) PR(.\DP8051_Keil_951\Release/isr_clock.lst) CD OT(11 ,Speed) OJ(.\DP8051_Keil_951\Release\isr_clock.obj)
*** MESSAGE C286 IN LINE 0 OF (null): license limits optimization to level 5
c51.exe .\Generated_Source\PSoC3\isr_imu.c NOIV LARGE MODDP2 OMF2 VB(1) NOIP "INCDIR(., Generated_Source\PSoC3)" FF(3) DB DF(NDEBUG) WL(2) PR(.\DP8051_Keil_951\Release/isr_imu.lst) CD OT(11 ,Speed) OJ(.\DP8051_Keil_951\Release\isr_imu.obj)
*** MESSAGE C286 IN LINE 0 OF (null): license limits optimization to level 5
WARNING: .\Generated_Source\PSoC3\isr_imu.c:175: 's2send': unreferenced local variable
c51.exe .\Generated_Source\PSoC3\Opto_Pin.c NOIV LARGE MODDP2 OMF2 VB(1) NOIP "INCDIR(., Generated_Source\PSoC3)" FF(3) DB DF(NDEBUG) WL(2) PR(.\DP8051_Keil_951\Release/Opto_Pin.lst) CD OT(11 ,Speed) OJ(.\DP8051_Keil_951\Release\Opto_Pin.obj)
*** MESSAGE C286 IN LINE 0 OF (null): license limits optimization to level 5
c51.exe .\Generated_Source\PSoC3\SPI_IMU_IntClock.c NOIV LARGE MODDP2 OMF2 VB(1) NOIP "INCDIR(., Generated_Source\PSoC3)" FF(3) DB DF(NDEBUG) WL(2) PR(.\DP8051_Keil_951\Release/SPI_IMU_IntClock.lst) CD OT(11 ,Speed) OJ(.\DP8051_Keil_951\Release\SPI_IMU_IntClock.obj)
*** MESSAGE C286 IN LINE 0 OF (null): license limits optimization to level 5
c51.exe .\Generated_Source\PSoC3\Chip_Select_A.c NOIV LARGE MODDP2 OMF2 VB(1) NOIP "INCDIR(., Generated_Source\PSoC3)" FF(3) DB DF(NDEBUG) WL(2) PR(.\DP8051_Keil_951\Release/Chip_Select_A.lst) CD OT(11 ,Speed) OJ(.\DP8051_Keil_951\Release\Chip_Select_A.obj)
*** MESSAGE C286 IN LINE 0 OF (null): license limits optimization to level 5
c51.exe .\Generated_Source\PSoC3\Chip_Select_A_PM.c NOIV LARGE MODDP2 OMF2 VB(1) NOIP "INCDIR(., Generated_Source\PSoC3)" FF(3) DB DF(NDEBUG) WL(2) PR(.\DP8051_Keil_951\Release/Chip_Select_A_PM.lst) CD OT(11 ,Speed) OJ(.\DP8051_Keil_951\Release\Chip_Select_A_PM.obj)
*** MESSAGE C286 IN LINE 0 OF (null): license limits optimization to level 5
c51.exe .\Generated_Source\PSoC3\Chip_Select_B.c NOIV LARGE MODDP2 OMF2 VB(1) NOIP "INCDIR(., Generated_Source\PSoC3)" FF(3) DB DF(NDEBUG) WL(2) PR(.\DP8051_Keil_951\Release/Chip_Select_B.lst) CD OT(11 ,Speed) OJ(.\DP8051_Keil_951\Release\Chip_Select_B.obj)
*** MESSAGE C286 IN LINE 0 OF (null): license limits optimization to level 5
c51.exe .\Generated_Source\PSoC3\Chip_Select_B_PM.c NOIV LARGE MODDP2 OMF2 VB(1) NOIP "INCDIR(., Generated_Source\PSoC3)" FF(3) DB DF(NDEBUG) WL(2) PR(.\DP8051_Keil_951\Release/Chip_Select_B_PM.lst) CD OT(11 ,Speed) OJ(.\DP8051_Keil_951\Release\Chip_Select_B_PM.obj)
*** MESSAGE C286 IN LINE 0 OF (null): license limits optimization to level 5
LIBX51.exe TRANSFER '.\DP8051_Keil_951\Release\cyfitter_cfg.obj', '.\DP8051_Keil_951\Release\UART_RS485.obj', '.\DP8051_Keil_951\Release\UART_RS485_PM.obj', '.\DP8051_Keil_951\Release\UART_RS485_INT.obj', '.\DP8051_Keil_951\Release\UART_RS485_BOOT.obj', '.\DP8051_Keil_951\Release\RS_485_EN.obj', '.\DP8051_Keil_951\Release\ISR_RS485_RX.obj', '.\DP8051_Keil_951\Release\PACER_TIMER.obj', '.\DP8051_Keil_951\Release\PACER_TIMER_PM.obj', '.\DP8051_Keil_951\Release\CLOCK_UART.obj', '.\DP8051_Keil_951\Release\EEPROM.obj', '.\DP8051_Keil_951\Release\USB_VDD.obj', '.\DP8051_Keil_951\Release\FTDI_ENABLE.obj', '.\DP8051_Keil_951\Release\RS485_CTS.obj', '.\DP8051_Keil_951\Release\RS485_CTS_PM.obj', '.\DP8051_Keil_951\Release\Bootloadable.obj', '.\DP8051_Keil_951\Release\FTDI_ENABLE_REG.obj', '.\DP8051_Keil_951\Release\FTDI_ENABLE_REG_PM.obj', '.\DP8051_Keil_951\Release\RESET_FF.obj', '.\DP8051_Keil_951\Release\RESET_FF_PM.obj', '.\DP8051_Keil_951\Release\FF_STATUS.obj', '.\DP8051_Keil_951\Release\MY_TIMER.obj', '.\DP8051_Keil_951\Release\MY_TIMER_PM.obj', '.\DP8051_Keil_951\Release\timer_clock.obj', '.\DP8051_Keil_951\Release\CyBootAsmKeil.obj', '.\DP8051_Keil_951\Release\CyDmac.obj', '.\DP8051_Keil_951\Release\CyFlash.obj', '.\DP8051_Keil_951\Release\CyLib.obj', '.\DP8051_Keil_951\Release\cymem.obj', '.\DP8051_Keil_951\Release\cyPm.obj', '.\DP8051_Keil_951\Release\CySpc.obj', '.\DP8051_Keil_951\Release\cyutils.obj', '.\DP8051_Keil_951\Release\KeilStart.obj', '.\DP8051_Keil_951\Release\WATCHDOG_CLK.obj', '.\DP8051_Keil_951\Release\ISR_WATCHDOG.obj', '.\DP8051_Keil_951\Release\WATCHDOG_COUNTER.obj', '.\DP8051_Keil_951\Release\WATCHDOG_COUNTER_PM.obj', '.\DP8051_Keil_951\Release\WATCHDOG_ENABLER.obj', '.\DP8051_Keil_951\Release\WATCHDOG_ENABLER_PM.obj', '.\DP8051_Keil_951\Release\WATCHDOG_REFRESH.obj', '.\DP8051_Keil_951\Release\WATCHDOG_REFRESH_PM.obj', '.\DP8051_Keil_951\Release\SPI_IMU.obj', '.\DP8051_Keil_951\Release\SPI_IMU_PM.obj', '.\DP8051_Keil_951\Release\SPI_IMU_INT.obj', '.\DP8051_Keil_951\Release\MISO.obj', '.\DP8051_Keil_951\Release\MOSI.obj', '.\DP8051_Keil_951\Release\SCLK.obj', '.\DP8051_Keil_951\Release\CS01.obj', '.\DP8051_Keil_951\Release\CS02.obj', '.\DP8051_Keil_951\Release\CS03.obj', '.\DP8051_Keil_951\Release\CS04.obj', '.\DP8051_Keil_951\Release\CS05.obj', '.\DP8051_Keil_951\Release\CS06.obj', '.\DP8051_Keil_951\Release\CS07.obj', '.\DP8051_Keil_951\Release\CS08.obj', '.\DP8051_Keil_951\Release\CS09.obj', '.\DP8051_Keil_951\Release\CS10.obj', '.\DP8051_Keil_951\Release\CS11.obj', '.\DP8051_Keil_951\Release\CS12.obj', '.\DP8051_Keil_951\Release\CS13.obj', '.\DP8051_Keil_951\Release\CS14.obj', '.\DP8051_Keil_951\Release\CS15.obj', '.\DP8051_Keil_951\Release\CS16.obj', '.\DP8051_Keil_951\Release\CS00.obj', '.\DP8051_Keil_951\Release\isr_clock.obj', '.\DP8051_Keil_951\Release\isr_imu.obj', '.\DP8051_Keil_951\Release\Opto_Pin.obj', '.\DP8051_Keil_951\Release\SPI_IMU_IntClock.obj', '.\DP8051_Keil_951\Release\Chip_Select_A.obj', '.\DP8051_Keil_951\Release\Chip_Select_A_PM.obj', '.\DP8051_Keil_951\Release\Chip_Select_B.obj', '.\DP8051_Keil_951\Release\Chip_Select_B_PM.obj' TO '.\DP8051_Keil_951\Release\firmware.lib'
LX51.exe '.\DP8051_Keil_951\Release\command_processing.obj', '.\DP8051_Keil_951\Release\globals.obj', '.\DP8051_Keil_951\Release\interruptions.obj', '.\DP8051_Keil_951\Release\main.obj', '.\DP8051_Keil_951\Release\utils.obj', '.\DP8051_Keil_951\Release\IMU_functions.obj', '.\DP8051_Keil_951\Release\firmware.lib', 'C:\Program Files (x86)\Cypress\PSoC Creator\3.3\PSoC Creator\psoc\content\cycomponentlibrary\CyComponentLibrary.cylib\DP8051\DP8051_Keil_951\Release\CyComponentLibrary.lib' TO '.\DP8051_Keil_951\Release\firmware.omf' CODE RU RC(10) DW(16) WL(2) PR(.\DP8051_Keil_951\Release/firmware.map) IX CL(XDATA(X:0x0000-X:0x1FFF)) CL(CODE(C:0x2600-C:0xFFBF)) CL(CONST(C:0x2600-C:0xFFBF))
*** WARNING L15: MULTIPLE CALL TO FUNCTION
    NAME:    _CHIPSELECTOR/IMU_FUNCTIONS
    CALLER1: ?C_C51STARTUP
    CALLER2: ISR_IMU_INTERRUPT/ISR_IMU
*** WARNING L15: MULTIPLE CALL TO FUNCTION
    NAME:    _LCRCHECKSUM/COMMAND_PROCESSING
    CALLER1: ?C_C51STARTUP
    CALLER2: ISR_IMU_INTERRUPT/ISR_IMU
*** WARNING L15: MULTIPLE CALL TO FUNCTION
    NAME:    _COMMWRITE/COMMAND_PROCESSING
    CALLER1: ?C_C51STARTUP
    CALLER2: ISR_IMU_INTERRUPT/ISR_IMU
Program Size: data=28.6 xdata=3822 const=735 code=15549
OHx51.exe firmware.omf HEXFILE(firmware.ihx)
c8051-elf-omf2elf.exe firmware.omf firmware.elf
cysymboladdressfinder.exe -f .\DP8051_Keil_951\Release\firmware.elf -s STARTUP1 -p .\DP8051_Keil_951\Release\entryaddress.txt -l FF0000
cyhextool -o .\DP8051_Keil_951\Release\firmware.cyacd -f .\DP8051_Keil_951\Release\firmware.ihx -flsLine 256 -arraySize 65536 -id 1E093069 -rev 3 -ecc .\Generated_Source\PSoC3\config.hex -metaRow 0 -blver 000000000000000000000000000000000000 -chksumEcc -blChkType 0 -endian b -a EEPROM=90200000:800,PROGRAM=00000000:10000,CONFIG=80000000:2000,PROTECT=90400000:40 -acd -acdStart 2600 -e .\DP8051_Keil_951\Release\entryaddress.txt
cyhextool -o .\DP8051_Keil_951\Release\firmware.hex -flsLine 256 -arraySize 65536 -bl ..\bootloader_bin\bootloader.hex -blver 000000000000000000000000000000000000 -chksumEcc -blChkType 0 -endian b -prot .\Generated_Source\PSoC3\protect.hex -id 1E093069 -a EEPROM=90200000:800,PROGRAM=00000000:10000,CONFIG=80000000:2000,PROTECT=90400000:40 -meta 0301 -cunv 0800C007 -wonv BC90ACAF -ecc .\Generated_Source\PSoC3\config.hex -ld .\DP8051_Keil_951\Release\firmware.ihx=2600:D9BF -acdStart 2600 -e .\DP8051_Keil_951\Release\entryaddress.txt
Flash used: 26368 of 65536 bytes (40.2%). Bootloader: 9728 bytes. Application: 16384 bytes. Metadata: 256 bytes.
SRAM used: 3822 of 8192 bytes (46.7%).
--------------- Build Succeeded: 09/22/2016 17:24:23 ---------------
