--------------- Build Started: 04/30/2016 17:24:27 Project: IMU_Glove_Mini, Configuration: DP8051 Keil 9.51 Release ---------------
cydsfit.exe -.appdatapath "C:\Users\MattiaCP\AppData\Local\Cypress Semiconductor\PSoC Creator\3.3" -.fdsnotice -.fdswarpdepfile=warp_dependencies.txt -.fdselabdepfile=elab_dependencies.txt -.fdsbldfile=generated_files.txt -p "C:\Users\MattiaCP\Desktop\FIRMWARES\Firmware IMU Mini\IMU_Glove_Mini\IMU_Glove_Mini.cydsn\IMU_Glove_Mini.cyprj" -d CY8C3246PVI-147 -s "C:\Users\MattiaCP\Desktop\FIRMWARES\Firmware IMU Mini\IMU_Glove_Mini\IMU_Glove_Mini.cydsn\Generated_Source\PSoC3" -- -yv2 -q10 -ygs -o2 -v3 -.fftcfgtype=BE
Elaborating Design...
ADD: pft.M0028: warning: Clock Warning: (isr_clock's accuracy range '142.857  Hz -50% +100%, (71.429  Hz - 285.714  Hz)' is not within the specified tolerance range '140  Hz +/- 5%, (133  Hz - 147  Hz)'.).
 * C:\Users\MattiaCP\Desktop\FIRMWARES\Firmware IMU Mini\IMU_Glove_Mini\IMU_Glove_Mini.cydsn\IMU_Glove_Mini.cydwr (isr_clock)
 * C:\Users\MattiaCP\Desktop\FIRMWARES\Firmware IMU Mini\IMU_Glove_Mini\IMU_Glove_Mini.cydsn\TopDesign\TopDesign.cysch (Instance:isr_clock)
HDL Generation ...
Synthesis ...
Place and Route ...
Tech mapping ...
Analog Placement ...
Info: apr.M0002: Analog signal "\ADC:Net_35\" is connected to one terminal only. (App=cydsfit)
Analog Routing ...
Analog Code Generation ...
Digital Placement ...
Digital Routing ...
Bitstream Generation ...
Static timing analysis ...
API Generation ...
Dependency Generation ...
Clean Temporary Files ...
c51.exe .\main.c NOIV LARGE MODDP2 OMF2 VB(1) NOIP "INCDIR(., Generated_Source\PSoC3)" FF(3) DB DF(NDEBUG) WL(2) PR(.\DP8051\DP8051_Keil_951\Release/main.lst) CD OT(8 ,Size) OJ(.\DP8051\DP8051_Keil_951\Release\main.obj)
*** MESSAGE C286 IN LINE 0 OF (null): license limits optimization to level 5
c51.exe .\IMU_functions.c NOIV LARGE MODDP2 OMF2 VB(1) NOIP "INCDIR(., Generated_Source\PSoC3)" FF(3) DB DF(NDEBUG) WL(2) PR(.\DP8051\DP8051_Keil_951\Release/IMU_functions.lst) CD OT(8 ,Size) OJ(.\DP8051\DP8051_Keil_951\Release\IMU_functions.obj)
*** MESSAGE C286 IN LINE 0 OF (null): license limits optimization to level 5
WARNING: .\IMU_functions.c:24: 'ISR_1_Stop': missing function-prototype
WARNING: .\IMU_functions.c:25: 'ISR_1_Disable': missing function-prototype
WARNING: .\IMU_functions.c:35: 'ISR_1_Start': missing function-prototype
WARNING: .\IMU_functions.c:36: 'ISR_1_Enable': missing function-prototype
c51.exe .\command_processing.c NOIV LARGE MODDP2 OMF2 VB(1) NOIP "INCDIR(., Generated_Source\PSoC3)" FF(3) DB DF(NDEBUG) WL(2) PR(.\DP8051\DP8051_Keil_951\Release/command_processing.lst) CD OT(8 ,Size) OJ(.\DP8051\DP8051_Keil_951\Release\command_processing.obj)
*** MESSAGE C286 IN LINE 0 OF (null): license limits optimization to level 5
c51.exe .\globals.c NOIV LARGE MODDP2 OMF2 VB(1) NOIP "INCDIR(., Generated_Source\PSoC3)" FF(3) DB DF(NDEBUG) WL(2) PR(.\DP8051\DP8051_Keil_951\Release/globals.lst) CD OT(8 ,Size) OJ(.\DP8051\DP8051_Keil_951\Release\globals.obj)
*** MESSAGE C286 IN LINE 0 OF (null): license limits optimization to level 5
c51.exe .\interruptions.c NOIV LARGE MODDP2 OMF2 VB(1) NOIP "INCDIR(., Generated_Source\PSoC3)" FF(3) DB DF(NDEBUG) WL(2) PR(.\DP8051\DP8051_Keil_951\Release/interruptions.lst) CD OT(8 ,Size) OJ(.\DP8051\DP8051_Keil_951\Release\interruptions.obj)
*** MESSAGE C286 IN LINE 0 OF (null): license limits optimization to level 5
c51.exe .\Generated_Source\PSoC3\cyfitter_cfg.c NOIV LARGE MODDP2 OMF2 VB(1) NOIP "INCDIR(., Generated_Source\PSoC3)" FF(3) DB DF(NDEBUG) WL(2) PR(.\DP8051\DP8051_Keil_951\Release/cyfitter_cfg.lst) CD OT(8 ,Size) DF(CYAPP_ECC_OFFSET='1216') OJ(.\DP8051\DP8051_Keil_951\Release\cyfitter_cfg.obj)
*** MESSAGE C286 IN LINE 0 OF (null): license limits optimization to level 5
Ax51.exe .\Generated_Source\PSoC3\CyBootAsmKeil.a51 CASE EP "INCDIR(., Generated_Source\PSoC3)" DB MACRO DF(NDEBUG) NOCO PR(.\DP8051\DP8051_Keil_951\Release/CyBootAsmKeil.lst) OJ(.\DP8051\DP8051_Keil_951\Release\CyBootAsmKeil.obj)
c51.exe .\Generated_Source\PSoC3\CyDmac.c NOIV LARGE MODDP2 OMF2 VB(1) NOIP "INCDIR(., Generated_Source\PSoC3)" FF(3) DB DF(NDEBUG) WL(2) PR(.\DP8051\DP8051_Keil_951\Release/CyDmac.lst) CD OT(8 ,Size) OJ(.\DP8051\DP8051_Keil_951\Release\CyDmac.obj)
*** MESSAGE C286 IN LINE 0 OF (null): license limits optimization to level 5
c51.exe .\Generated_Source\PSoC3\CyFlash.c NOIV LARGE MODDP2 OMF2 VB(1) NOIP "INCDIR(., Generated_Source\PSoC3)" FF(3) DB DF(NDEBUG) WL(2) PR(.\DP8051\DP8051_Keil_951\Release/CyFlash.lst) CD OT(8 ,Size) OJ(.\DP8051\DP8051_Keil_951\Release\CyFlash.obj)
*** MESSAGE C286 IN LINE 0 OF (null): license limits optimization to level 5
c51.exe .\Generated_Source\PSoC3\CyLib.c NOIV LARGE MODDP2 OMF2 VB(1) NOIP "INCDIR(., Generated_Source\PSoC3)" FF(3) DB DF(NDEBUG) WL(2) PR(.\DP8051\DP8051_Keil_951\Release/CyLib.lst) CD OT(8 ,Size) OJ(.\DP8051\DP8051_Keil_951\Release\CyLib.obj)
*** MESSAGE C286 IN LINE 0 OF (null): license limits optimization to level 5
Ax51.exe .\Generated_Source\PSoC3\cymem.a51 CASE EP "INCDIR(., Generated_Source\PSoC3)" DB MACRO DF(NDEBUG) NOCO PR(.\DP8051\DP8051_Keil_951\Release/cymem.lst) OJ(.\DP8051\DP8051_Keil_951\Release\cymem.obj)
c51.exe .\Generated_Source\PSoC3\cyPm.c NOIV LARGE MODDP2 OMF2 VB(1) NOIP "INCDIR(., Generated_Source\PSoC3)" FF(3) DB DF(NDEBUG) WL(2) PR(.\DP8051\DP8051_Keil_951\Release/cyPm.lst) CD OT(8 ,Size) OJ(.\DP8051\DP8051_Keil_951\Release\cyPm.obj)
*** MESSAGE C286 IN LINE 0 OF (null): license limits optimization to level 5
c51.exe .\Generated_Source\PSoC3\CySpc.c NOIV LARGE MODDP2 OMF2 VB(1) NOIP "INCDIR(., Generated_Source\PSoC3)" FF(3) DB DF(NDEBUG) WL(2) PR(.\DP8051\DP8051_Keil_951\Release/CySpc.lst) CD OT(8 ,Size) OJ(.\DP8051\DP8051_Keil_951\Release\CySpc.obj)
*** MESSAGE C286 IN LINE 0 OF (null): license limits optimization to level 5
c51.exe .\Generated_Source\PSoC3\cyutils.c NOIV LARGE MODDP2 OMF2 VB(1) NOIP "INCDIR(., Generated_Source\PSoC3)" FF(3) DB DF(NDEBUG) WL(2) PR(.\DP8051\DP8051_Keil_951\Release/cyutils.lst) CD OT(8 ,Size) OJ(.\DP8051\DP8051_Keil_951\Release\cyutils.obj)
*** MESSAGE C286 IN LINE 0 OF (null): license limits optimization to level 5
Ax51.exe .\Generated_Source\PSoC3\KeilStart.a51 CASE EP "INCDIR(., Generated_Source\PSoC3)" DB MACRO DF(NDEBUG) NOCO PR(.\DP8051\DP8051_Keil_951\Release/KeilStart.lst) OJ(.\DP8051\DP8051_Keil_951\Release\KeilStart.obj)
c51.exe .\Generated_Source\PSoC3\SPIM_1.c NOIV LARGE MODDP2 OMF2 VB(1) NOIP "INCDIR(., Generated_Source\PSoC3)" FF(3) DB DF(NDEBUG) WL(2) PR(.\DP8051\DP8051_Keil_951\Release/SPIM_1.lst) CD OT(8 ,Size) OJ(.\DP8051\DP8051_Keil_951\Release\SPIM_1.obj)
*** MESSAGE C286 IN LINE 0 OF (null): license limits optimization to level 5
c51.exe .\Generated_Source\PSoC3\SPIM_1_PM.c NOIV LARGE MODDP2 OMF2 VB(1) NOIP "INCDIR(., Generated_Source\PSoC3)" FF(3) DB DF(NDEBUG) WL(2) PR(.\DP8051\DP8051_Keil_951\Release/SPIM_1_PM.lst) CD OT(8 ,Size) OJ(.\DP8051\DP8051_Keil_951\Release\SPIM_1_PM.obj)
*** MESSAGE C286 IN LINE 0 OF (null): license limits optimization to level 5
c51.exe .\Generated_Source\PSoC3\SPIM_1_INT.c NOIV LARGE MODDP2 OMF2 VB(1) NOIP "INCDIR(., Generated_Source\PSoC3)" FF(3) DB DF(NDEBUG) WL(2) PR(.\DP8051\DP8051_Keil_951\Release/SPIM_1_INT.lst) CD OT(8 ,Size) OJ(.\DP8051\DP8051_Keil_951\Release\SPIM_1_INT.obj)
*** MESSAGE C286 IN LINE 0 OF (null): license limits optimization to level 5
c51.exe .\Generated_Source\PSoC3\MISO.c NOIV LARGE MODDP2 OMF2 VB(1) NOIP "INCDIR(., Generated_Source\PSoC3)" FF(3) DB DF(NDEBUG) WL(2) PR(.\DP8051\DP8051_Keil_951\Release/MISO.lst) CD OT(8 ,Size) OJ(.\DP8051\DP8051_Keil_951\Release\MISO.obj)
*** MESSAGE C286 IN LINE 0 OF (null): license limits optimization to level 5
c51.exe .\Generated_Source\PSoC3\MOSI.c NOIV LARGE MODDP2 OMF2 VB(1) NOIP "INCDIR(., Generated_Source\PSoC3)" FF(3) DB DF(NDEBUG) WL(2) PR(.\DP8051\DP8051_Keil_951\Release/MOSI.lst) CD OT(8 ,Size) OJ(.\DP8051\DP8051_Keil_951\Release\MOSI.obj)
*** MESSAGE C286 IN LINE 0 OF (null): license limits optimization to level 5
c51.exe .\Generated_Source\PSoC3\SCLK.c NOIV LARGE MODDP2 OMF2 VB(1) NOIP "INCDIR(., Generated_Source\PSoC3)" FF(3) DB DF(NDEBUG) WL(2) PR(.\DP8051\DP8051_Keil_951\Release/SCLK.lst) CD OT(8 ,Size) OJ(.\DP8051\DP8051_Keil_951\Release\SCLK.obj)
*** MESSAGE C286 IN LINE 0 OF (null): license limits optimization to level 5
c51.exe .\Generated_Source\PSoC3\Chip_Select.c NOIV LARGE MODDP2 OMF2 VB(1) NOIP "INCDIR(., Generated_Source\PSoC3)" FF(3) DB DF(NDEBUG) WL(2) PR(.\DP8051\DP8051_Keil_951\Release/Chip_Select.lst) CD OT(8 ,Size) OJ(.\DP8051\DP8051_Keil_951\Release\Chip_Select.obj)
*** MESSAGE C286 IN LINE 0 OF (null): license limits optimization to level 5
c51.exe .\Generated_Source\PSoC3\Chip_Select_PM.c NOIV LARGE MODDP2 OMF2 VB(1) NOIP "INCDIR(., Generated_Source\PSoC3)" FF(3) DB DF(NDEBUG) WL(2) PR(.\DP8051\DP8051_Keil_951\Release/Chip_Select_PM.lst) CD OT(8 ,Size) OJ(.\DP8051\DP8051_Keil_951\Release\Chip_Select_PM.obj)
*** MESSAGE C286 IN LINE 0 OF (null): license limits optimization to level 5
c51.exe .\Generated_Source\PSoC3\CS00.c NOIV LARGE MODDP2 OMF2 VB(1) NOIP "INCDIR(., Generated_Source\PSoC3)" FF(3) DB DF(NDEBUG) WL(2) PR(.\DP8051\DP8051_Keil_951\Release/CS00.lst) CD OT(8 ,Size) OJ(.\DP8051\DP8051_Keil_951\Release\CS00.obj)
*** MESSAGE C286 IN LINE 0 OF (null): license limits optimization to level 5
c51.exe .\Generated_Source\PSoC3\CS01.c NOIV LARGE MODDP2 OMF2 VB(1) NOIP "INCDIR(., Generated_Source\PSoC3)" FF(3) DB DF(NDEBUG) WL(2) PR(.\DP8051\DP8051_Keil_951\Release/CS01.lst) CD OT(8 ,Size) OJ(.\DP8051\DP8051_Keil_951\Release\CS01.obj)
*** MESSAGE C286 IN LINE 0 OF (null): license limits optimization to level 5
c51.exe .\Generated_Source\PSoC3\CS02.c NOIV LARGE MODDP2 OMF2 VB(1) NOIP "INCDIR(., Generated_Source\PSoC3)" FF(3) DB DF(NDEBUG) WL(2) PR(.\DP8051\DP8051_Keil_951\Release/CS02.lst) CD OT(8 ,Size) OJ(.\DP8051\DP8051_Keil_951\Release\CS02.obj)
*** MESSAGE C286 IN LINE 0 OF (null): license limits optimization to level 5
c51.exe .\Generated_Source\PSoC3\CS03.c NOIV LARGE MODDP2 OMF2 VB(1) NOIP "INCDIR(., Generated_Source\PSoC3)" FF(3) DB DF(NDEBUG) WL(2) PR(.\DP8051\DP8051_Keil_951\Release/CS03.lst) CD OT(8 ,Size) OJ(.\DP8051\DP8051_Keil_951\Release\CS03.obj)
*** MESSAGE C286 IN LINE 0 OF (null): license limits optimization to level 5
c51.exe .\Generated_Source\PSoC3\CS04.c NOIV LARGE MODDP2 OMF2 VB(1) NOIP "INCDIR(., Generated_Source\PSoC3)" FF(3) DB DF(NDEBUG) WL(2) PR(.\DP8051\DP8051_Keil_951\Release/CS04.lst) CD OT(8 ,Size) OJ(.\DP8051\DP8051_Keil_951\Release\CS04.obj)
*** MESSAGE C286 IN LINE 0 OF (null): license limits optimization to level 5
c51.exe .\Generated_Source\PSoC3\CS05.c NOIV LARGE MODDP2 OMF2 VB(1) NOIP "INCDIR(., Generated_Source\PSoC3)" FF(3) DB DF(NDEBUG) WL(2) PR(.\DP8051\DP8051_Keil_951\Release/CS05.lst) CD OT(8 ,Size) OJ(.\DP8051\DP8051_Keil_951\Release\CS05.obj)
*** MESSAGE C286 IN LINE 0 OF (null): license limits optimization to level 5
c51.exe .\Generated_Source\PSoC3\CS06.c NOIV LARGE MODDP2 OMF2 VB(1) NOIP "INCDIR(., Generated_Source\PSoC3)" FF(3) DB DF(NDEBUG) WL(2) PR(.\DP8051\DP8051_Keil_951\Release/CS06.lst) CD OT(8 ,Size) OJ(.\DP8051\DP8051_Keil_951\Release\CS06.obj)
*** MESSAGE C286 IN LINE 0 OF (null): license limits optimization to level 5
c51.exe .\Generated_Source\PSoC3\CS07.c NOIV LARGE MODDP2 OMF2 VB(1) NOIP "INCDIR(., Generated_Source\PSoC3)" FF(3) DB DF(NDEBUG) WL(2) PR(.\DP8051\DP8051_Keil_951\Release/CS07.lst) CD OT(8 ,Size) OJ(.\DP8051\DP8051_Keil_951\Release\CS07.obj)
*** MESSAGE C286 IN LINE 0 OF (null): license limits optimization to level 5
c51.exe .\Generated_Source\PSoC3\CS08.c NOIV LARGE MODDP2 OMF2 VB(1) NOIP "INCDIR(., Generated_Source\PSoC3)" FF(3) DB DF(NDEBUG) WL(2) PR(.\DP8051\DP8051_Keil_951\Release/CS08.lst) CD OT(8 ,Size) OJ(.\DP8051\DP8051_Keil_951\Release\CS08.obj)
*** MESSAGE C286 IN LINE 0 OF (null): license limits optimization to level 5
c51.exe .\Generated_Source\PSoC3\CS09.c NOIV LARGE MODDP2 OMF2 VB(1) NOIP "INCDIR(., Generated_Source\PSoC3)" FF(3) DB DF(NDEBUG) WL(2) PR(.\DP8051\DP8051_Keil_951\Release/CS09.lst) CD OT(8 ,Size) OJ(.\DP8051\DP8051_Keil_951\Release\CS09.obj)
*** MESSAGE C286 IN LINE 0 OF (null): license limits optimization to level 5
c51.exe .\Generated_Source\PSoC3\CS10.c NOIV LARGE MODDP2 OMF2 VB(1) NOIP "INCDIR(., Generated_Source\PSoC3)" FF(3) DB DF(NDEBUG) WL(2) PR(.\DP8051\DP8051_Keil_951\Release/CS10.lst) CD OT(8 ,Size) OJ(.\DP8051\DP8051_Keil_951\Release\CS10.obj)
*** MESSAGE C286 IN LINE 0 OF (null): license limits optimization to level 5
c51.exe .\Generated_Source\PSoC3\CS11.c NOIV LARGE MODDP2 OMF2 VB(1) NOIP "INCDIR(., Generated_Source\PSoC3)" FF(3) DB DF(NDEBUG) WL(2) PR(.\DP8051\DP8051_Keil_951\Release/CS11.lst) CD OT(8 ,Size) OJ(.\DP8051\DP8051_Keil_951\Release\CS11.obj)
*** MESSAGE C286 IN LINE 0 OF (null): license limits optimization to level 5
c51.exe .\Generated_Source\PSoC3\CS12.c NOIV LARGE MODDP2 OMF2 VB(1) NOIP "INCDIR(., Generated_Source\PSoC3)" FF(3) DB DF(NDEBUG) WL(2) PR(.\DP8051\DP8051_Keil_951\Release/CS12.lst) CD OT(8 ,Size) OJ(.\DP8051\DP8051_Keil_951\Release\CS12.obj)
*** MESSAGE C286 IN LINE 0 OF (null): license limits optimization to level 5
c51.exe .\Generated_Source\PSoC3\CS13.c NOIV LARGE MODDP2 OMF2 VB(1) NOIP "INCDIR(., Generated_Source\PSoC3)" FF(3) DB DF(NDEBUG) WL(2) PR(.\DP8051\DP8051_Keil_951\Release/CS13.lst) CD OT(8 ,Size) OJ(.\DP8051\DP8051_Keil_951\Release\CS13.obj)
*** MESSAGE C286 IN LINE 0 OF (null): license limits optimization to level 5
c51.exe .\Generated_Source\PSoC3\CS14.c NOIV LARGE MODDP2 OMF2 VB(1) NOIP "INCDIR(., Generated_Source\PSoC3)" FF(3) DB DF(NDEBUG) WL(2) PR(.\DP8051\DP8051_Keil_951\Release/CS14.lst) CD OT(8 ,Size) OJ(.\DP8051\DP8051_Keil_951\Release\CS14.obj)
*** MESSAGE C286 IN LINE 0 OF (null): license limits optimization to level 5
c51.exe .\Generated_Source\PSoC3\CS15.c NOIV LARGE MODDP2 OMF2 VB(1) NOIP "INCDIR(., Generated_Source\PSoC3)" FF(3) DB DF(NDEBUG) WL(2) PR(.\DP8051\DP8051_Keil_951\Release/CS15.lst) CD OT(8 ,Size) OJ(.\DP8051\DP8051_Keil_951\Release\CS15.obj)
*** MESSAGE C286 IN LINE 0 OF (null): license limits optimization to level 5
c51.exe .\Generated_Source\PSoC3\CS16.c NOIV LARGE MODDP2 OMF2 VB(1) NOIP "INCDIR(., Generated_Source\PSoC3)" FF(3) DB DF(NDEBUG) WL(2) PR(.\DP8051\DP8051_Keil_951\Release/CS16.lst) CD OT(8 ,Size) OJ(.\DP8051\DP8051_Keil_951\Release\CS16.obj)
*** MESSAGE C286 IN LINE 0 OF (null): license limits optimization to level 5
c51.exe .\Generated_Source\PSoC3\EMG_1.c NOIV LARGE MODDP2 OMF2 VB(1) NOIP "INCDIR(., Generated_Source\PSoC3)" FF(3) DB DF(NDEBUG) WL(2) PR(.\DP8051\DP8051_Keil_951\Release/EMG_1.lst) CD OT(8 ,Size) OJ(.\DP8051\DP8051_Keil_951\Release\EMG_1.obj)
*** MESSAGE C286 IN LINE 0 OF (null): license limits optimization to level 5
c51.exe .\Generated_Source\PSoC3\EMG_2.c NOIV LARGE MODDP2 OMF2 VB(1) NOIP "INCDIR(., Generated_Source\PSoC3)" FF(3) DB DF(NDEBUG) WL(2) PR(.\DP8051\DP8051_Keil_951\Release/EMG_2.lst) CD OT(8 ,Size) OJ(.\DP8051\DP8051_Keil_951\Release\EMG_2.obj)
*** MESSAGE C286 IN LINE 0 OF (null): license limits optimization to level 5
c51.exe .\Generated_Source\PSoC3\AMux_1.c NOIV LARGE MODDP2 OMF2 VB(1) NOIP "INCDIR(., Generated_Source\PSoC3)" FF(3) DB DF(NDEBUG) WL(2) PR(.\DP8051\DP8051_Keil_951\Release/AMux_1.lst) CD OT(8 ,Size) OJ(.\DP8051\DP8051_Keil_951\Release\AMux_1.obj)
*** MESSAGE C286 IN LINE 0 OF (null): license limits optimization to level 5
c51.exe .\Generated_Source\PSoC3\Bootloadable_1.c NOIV LARGE MODDP2 OMF2 VB(1) NOIP "INCDIR(., Generated_Source\PSoC3)" FF(3) DB DF(NDEBUG) WL(2) PR(.\DP8051\DP8051_Keil_951\Release/Bootloadable_1.lst) CD OT(8 ,Size) OJ(.\DP8051\DP8051_Keil_951\Release\Bootloadable_1.obj)
*** MESSAGE C286 IN LINE 0 OF (null): license limits optimization to level 5
c51.exe .\Generated_Source\PSoC3\isr_clock.c NOIV LARGE MODDP2 OMF2 VB(1) NOIP "INCDIR(., Generated_Source\PSoC3)" FF(3) DB DF(NDEBUG) WL(2) PR(.\DP8051\DP8051_Keil_951\Release/isr_clock.lst) CD OT(8 ,Size) OJ(.\DP8051\DP8051_Keil_951\Release\isr_clock.obj)
*** MESSAGE C286 IN LINE 0 OF (null): license limits optimization to level 5
c51.exe .\Generated_Source\PSoC3\isr_1.c NOIV LARGE MODDP2 OMF2 VB(1) NOIP "INCDIR(., Generated_Source\PSoC3)" FF(3) DB DF(NDEBUG) WL(2) PR(.\DP8051\DP8051_Keil_951\Release/isr_1.lst) CD OT(8 ,Size) OJ(.\DP8051\DP8051_Keil_951\Release\isr_1.obj)
*** MESSAGE C286 IN LINE 0 OF (null): license limits optimization to level 5
c51.exe .\Generated_Source\PSoC3\UART_RS485.c NOIV LARGE MODDP2 OMF2 VB(1) NOIP "INCDIR(., Generated_Source\PSoC3)" FF(3) DB DF(NDEBUG) WL(2) PR(.\DP8051\DP8051_Keil_951\Release/UART_RS485.lst) CD OT(8 ,Size) OJ(.\DP8051\DP8051_Keil_951\Release\UART_RS485.obj)
*** MESSAGE C286 IN LINE 0 OF (null): license limits optimization to level 5
c51.exe .\Generated_Source\PSoC3\UART_RS485_PM.c NOIV LARGE MODDP2 OMF2 VB(1) NOIP "INCDIR(., Generated_Source\PSoC3)" FF(3) DB DF(NDEBUG) WL(2) PR(.\DP8051\DP8051_Keil_951\Release/UART_RS485_PM.lst) CD OT(8 ,Size) OJ(.\DP8051\DP8051_Keil_951\Release\UART_RS485_PM.obj)
*** MESSAGE C286 IN LINE 0 OF (null): license limits optimization to level 5
c51.exe .\Generated_Source\PSoC3\UART_RS485_INT.c NOIV LARGE MODDP2 OMF2 VB(1) NOIP "INCDIR(., Generated_Source\PSoC3)" FF(3) DB DF(NDEBUG) WL(2) PR(.\DP8051\DP8051_Keil_951\Release/UART_RS485_INT.lst) CD OT(8 ,Size) OJ(.\DP8051\DP8051_Keil_951\Release\UART_RS485_INT.obj)
*** MESSAGE C286 IN LINE 0 OF (null): license limits optimization to level 5
c51.exe .\Generated_Source\PSoC3\UART_RS485_BOOT.c NOIV LARGE MODDP2 OMF2 VB(1) NOIP "INCDIR(., Generated_Source\PSoC3)" FF(3) DB DF(NDEBUG) WL(2) PR(.\DP8051\DP8051_Keil_951\Release/UART_RS485_BOOT.lst) CD OT(8 ,Size) OJ(.\DP8051\DP8051_Keil_951\Release\UART_RS485_BOOT.obj)
*** MESSAGE C286 IN LINE 0 OF (null): license limits optimization to level 5
c51.exe .\Generated_Source\PSoC3\CLOCK_UART.c NOIV LARGE MODDP2 OMF2 VB(1) NOIP "INCDIR(., Generated_Source\PSoC3)" FF(3) DB DF(NDEBUG) WL(2) PR(.\DP8051\DP8051_Keil_951\Release/CLOCK_UART.lst) CD OT(8 ,Size) OJ(.\DP8051\DP8051_Keil_951\Release\CLOCK_UART.obj)
*** MESSAGE C286 IN LINE 0 OF (null): license limits optimization to level 5
c51.exe .\Generated_Source\PSoC3\RS_485_EN.c NOIV LARGE MODDP2 OMF2 VB(1) NOIP "INCDIR(., Generated_Source\PSoC3)" FF(3) DB DF(NDEBUG) WL(2) PR(.\DP8051\DP8051_Keil_951\Release/RS_485_EN.lst) CD OT(8 ,Size) OJ(.\DP8051\DP8051_Keil_951\Release\RS_485_EN.obj)
*** MESSAGE C286 IN LINE 0 OF (null): license limits optimization to level 5
c51.exe .\Generated_Source\PSoC3\ISR_RS485_RX.c NOIV LARGE MODDP2 OMF2 VB(1) NOIP "INCDIR(., Generated_Source\PSoC3)" FF(3) DB DF(NDEBUG) WL(2) PR(.\DP8051\DP8051_Keil_951\Release/ISR_RS485_RX.lst) CD OT(8 ,Size) OJ(.\DP8051\DP8051_Keil_951\Release\ISR_RS485_RX.obj)
*** MESSAGE C286 IN LINE 0 OF (null): license limits optimization to level 5
c51.exe .\Generated_Source\PSoC3\EEPROM.c NOIV LARGE MODDP2 OMF2 VB(1) NOIP "INCDIR(., Generated_Source\PSoC3)" FF(3) DB DF(NDEBUG) WL(2) PR(.\DP8051\DP8051_Keil_951\Release/EEPROM.lst) CD OT(8 ,Size) OJ(.\DP8051\DP8051_Keil_951\Release\EEPROM.obj)
*** MESSAGE C286 IN LINE 0 OF (null): license limits optimization to level 5
c51.exe .\Generated_Source\PSoC3\SPIM_1_IntClock.c NOIV LARGE MODDP2 OMF2 VB(1) NOIP "INCDIR(., Generated_Source\PSoC3)" FF(3) DB DF(NDEBUG) WL(2) PR(.\DP8051\DP8051_Keil_951\Release/SPIM_1_IntClock.lst) CD OT(8 ,Size) OJ(.\DP8051\DP8051_Keil_951\Release\SPIM_1_IntClock.obj)
*** MESSAGE C286 IN LINE 0 OF (null): license limits optimization to level 5
c51.exe .\Generated_Source\PSoC3\Opto_Pin.c NOIV LARGE MODDP2 OMF2 VB(1) NOIP "INCDIR(., Generated_Source\PSoC3)" FF(3) DB DF(NDEBUG) WL(2) PR(.\DP8051\DP8051_Keil_951\Release/Opto_Pin.lst) CD OT(8 ,Size) OJ(.\DP8051\DP8051_Keil_951\Release\Opto_Pin.obj)
*** MESSAGE C286 IN LINE 0 OF (null): license limits optimization to level 5
c51.exe .\Generated_Source\PSoC3\RS485_CTS.c NOIV LARGE MODDP2 OMF2 VB(1) NOIP "INCDIR(., Generated_Source\PSoC3)" FF(3) DB DF(NDEBUG) WL(2) PR(.\DP8051\DP8051_Keil_951\Release/RS485_CTS.lst) CD OT(8 ,Size) OJ(.\DP8051\DP8051_Keil_951\Release\RS485_CTS.obj)
*** MESSAGE C286 IN LINE 0 OF (null): license limits optimization to level 5
c51.exe .\Generated_Source\PSoC3\RS485_CTS_PM.c NOIV LARGE MODDP2 OMF2 VB(1) NOIP "INCDIR(., Generated_Source\PSoC3)" FF(3) DB DF(NDEBUG) WL(2) PR(.\DP8051\DP8051_Keil_951\Release/RS485_CTS_PM.lst) CD OT(8 ,Size) OJ(.\DP8051\DP8051_Keil_951\Release\RS485_CTS_PM.obj)
*** MESSAGE C286 IN LINE 0 OF (null): license limits optimization to level 5
c51.exe .\Generated_Source\PSoC3\FTDI_ENABLE_REG.c NOIV LARGE MODDP2 OMF2 VB(1) NOIP "INCDIR(., Generated_Source\PSoC3)" FF(3) DB DF(NDEBUG) WL(2) PR(.\DP8051\DP8051_Keil_951\Release/FTDI_ENABLE_REG.lst) CD OT(8 ,Size) OJ(.\DP8051\DP8051_Keil_951\Release\FTDI_ENABLE_REG.obj)
*** MESSAGE C286 IN LINE 0 OF (null): license limits optimization to level 5
c51.exe .\Generated_Source\PSoC3\FTDI_ENABLE_REG_PM.c NOIV LARGE MODDP2 OMF2 VB(1) NOIP "INCDIR(., Generated_Source\PSoC3)" FF(3) DB DF(NDEBUG) WL(2) PR(.\DP8051\DP8051_Keil_951\Release/FTDI_ENABLE_REG_PM.lst) CD OT(8 ,Size) OJ(.\DP8051\DP8051_Keil_951\Release\FTDI_ENABLE_REG_PM.obj)
*** MESSAGE C286 IN LINE 0 OF (null): license limits optimization to level 5
c51.exe .\Generated_Source\PSoC3\FTDI_ENABLE.c NOIV LARGE MODDP2 OMF2 VB(1) NOIP "INCDIR(., Generated_Source\PSoC3)" FF(3) DB DF(NDEBUG) WL(2) PR(.\DP8051\DP8051_Keil_951\Release/FTDI_ENABLE.lst) CD OT(8 ,Size) OJ(.\DP8051\DP8051_Keil_951\Release\FTDI_ENABLE.obj)
*** MESSAGE C286 IN LINE 0 OF (null): license limits optimization to level 5
c51.exe .\Generated_Source\PSoC3\USB_VDD.c NOIV LARGE MODDP2 OMF2 VB(1) NOIP "INCDIR(., Generated_Source\PSoC3)" FF(3) DB DF(NDEBUG) WL(2) PR(.\DP8051\DP8051_Keil_951\Release/USB_VDD.lst) CD OT(8 ,Size) OJ(.\DP8051\DP8051_Keil_951\Release\USB_VDD.obj)
*** MESSAGE C286 IN LINE 0 OF (null): license limits optimization to level 5
c51.exe .\Generated_Source\PSoC3\ADC.c NOIV LARGE MODDP2 OMF2 VB(1) NOIP "INCDIR(., Generated_Source\PSoC3)" FF(3) DB DF(NDEBUG) WL(2) PR(.\DP8051\DP8051_Keil_951\Release/ADC.lst) CD OT(8 ,Size) OJ(.\DP8051\DP8051_Keil_951\Release\ADC.obj)
*** MESSAGE C286 IN LINE 0 OF (null): license limits optimization to level 5
c51.exe .\Generated_Source\PSoC3\ADC_PM.c NOIV LARGE MODDP2 OMF2 VB(1) NOIP "INCDIR(., Generated_Source\PSoC3)" FF(3) DB DF(NDEBUG) WL(2) PR(.\DP8051\DP8051_Keil_951\Release/ADC_PM.lst) CD OT(8 ,Size) OJ(.\DP8051\DP8051_Keil_951\Release\ADC_PM.obj)
*** MESSAGE C286 IN LINE 0 OF (null): license limits optimization to level 5
c51.exe .\Generated_Source\PSoC3\ADC_INT.c NOIV LARGE MODDP2 OMF2 VB(1) NOIP "INCDIR(., Generated_Source\PSoC3)" FF(3) DB DF(NDEBUG) WL(2) PR(.\DP8051\DP8051_Keil_951\Release/ADC_INT.lst) CD OT(8 ,Size) OJ(.\DP8051\DP8051_Keil_951\Release\ADC_INT.obj)
*** MESSAGE C286 IN LINE 0 OF (null): license limits optimization to level 5
c51.exe .\Generated_Source\PSoC3\ADC_AMux.c NOIV LARGE MODDP2 OMF2 VB(1) NOIP "INCDIR(., Generated_Source\PSoC3)" FF(3) DB DF(NDEBUG) WL(2) PR(.\DP8051\DP8051_Keil_951\Release/ADC_AMux.lst) CD OT(8 ,Size) OJ(.\DP8051\DP8051_Keil_951\Release\ADC_AMux.obj)
*** MESSAGE C286 IN LINE 0 OF (null): license limits optimization to level 5
c51.exe .\Generated_Source\PSoC3\ADC_Ext_CP_Clk.c NOIV LARGE MODDP2 OMF2 VB(1) NOIP "INCDIR(., Generated_Source\PSoC3)" FF(3) DB DF(NDEBUG) WL(2) PR(.\DP8051\DP8051_Keil_951\Release/ADC_Ext_CP_Clk.lst) CD OT(8 ,Size) OJ(.\DP8051\DP8051_Keil_951\Release\ADC_Ext_CP_Clk.obj)
*** MESSAGE C286 IN LINE 0 OF (null): license limits optimization to level 5
c51.exe .\Generated_Source\PSoC3\ADC_IRQ.c NOIV LARGE MODDP2 OMF2 VB(1) NOIP "INCDIR(., Generated_Source\PSoC3)" FF(3) DB DF(NDEBUG) WL(2) PR(.\DP8051\DP8051_Keil_951\Release/ADC_IRQ.lst) CD OT(8 ,Size) OJ(.\DP8051\DP8051_Keil_951\Release\ADC_IRQ.obj)
*** MESSAGE C286 IN LINE 0 OF (null): license limits optimization to level 5
c51.exe .\Generated_Source\PSoC3\ADC_theACLK.c NOIV LARGE MODDP2 OMF2 VB(1) NOIP "INCDIR(., Generated_Source\PSoC3)" FF(3) DB DF(NDEBUG) WL(2) PR(.\DP8051\DP8051_Keil_951\Release/ADC_theACLK.lst) CD OT(8 ,Size) OJ(.\DP8051\DP8051_Keil_951\Release\ADC_theACLK.obj)
*** MESSAGE C286 IN LINE 0 OF (null): license limits optimization to level 5
LIBX51.exe TRANSFER '.\DP8051\DP8051_Keil_951\Release\cyfitter_cfg.obj', '.\DP8051\DP8051_Keil_951\Release\CyBootAsmKeil.obj', '.\DP8051\DP8051_Keil_951\Release\CyDmac.obj', '.\DP8051\DP8051_Keil_951\Release\CyFlash.obj', '.\DP8051\DP8051_Keil_951\Release\CyLib.obj', '.\DP8051\DP8051_Keil_951\Release\cymem.obj', '.\DP8051\DP8051_Keil_951\Release\cyPm.obj', '.\DP8051\DP8051_Keil_951\Release\CySpc.obj', '.\DP8051\DP8051_Keil_951\Release\cyutils.obj', '.\DP8051\DP8051_Keil_951\Release\KeilStart.obj', '.\DP8051\DP8051_Keil_951\Release\SPIM_1.obj', '.\DP8051\DP8051_Keil_951\Release\SPIM_1_PM.obj', '.\DP8051\DP8051_Keil_951\Release\SPIM_1_INT.obj', '.\DP8051\DP8051_Keil_951\Release\MISO.obj', '.\DP8051\DP8051_Keil_951\Release\MOSI.obj', '.\DP8051\DP8051_Keil_951\Release\SCLK.obj', '.\DP8051\DP8051_Keil_951\Release\Chip_Select.obj', '.\DP8051\DP8051_Keil_951\Release\Chip_Select_PM.obj', '.\DP8051\DP8051_Keil_951\Release\CS00.obj', '.\DP8051\DP8051_Keil_951\Release\CS01.obj', '.\DP8051\DP8051_Keil_951\Release\CS02.obj', '.\DP8051\DP8051_Keil_951\Release\CS03.obj', '.\DP8051\DP8051_Keil_951\Release\CS04.obj', '.\DP8051\DP8051_Keil_951\Release\CS05.obj', '.\DP8051\DP8051_Keil_951\Release\CS06.obj', '.\DP8051\DP8051_Keil_951\Release\CS07.obj', '.\DP8051\DP8051_Keil_951\Release\CS08.obj', '.\DP8051\DP8051_Keil_951\Release\CS09.obj', '.\DP8051\DP8051_Keil_951\Release\CS10.obj', '.\DP8051\DP8051_Keil_951\Release\CS11.obj', '.\DP8051\DP8051_Keil_951\Release\CS12.obj', '.\DP8051\DP8051_Keil_951\Release\CS13.obj', '.\DP8051\DP8051_Keil_951\Release\CS14.obj', '.\DP8051\DP8051_Keil_951\Release\CS15.obj', '.\DP8051\DP8051_Keil_951\Release\CS16.obj', '.\DP8051\DP8051_Keil_951\Release\EMG_1.obj', '.\DP8051\DP8051_Keil_951\Release\EMG_2.obj', '.\DP8051\DP8051_Keil_951\Release\AMux_1.obj', '.\DP8051\DP8051_Keil_951\Release\Bootloadable_1.obj', '.\DP8051\DP8051_Keil_951\Release\isr_clock.obj', '.\DP8051\DP8051_Keil_951\Release\isr_1.obj', '.\DP8051\DP8051_Keil_951\Release\UART_RS485.obj', '.\DP8051\DP8051_Keil_951\Release\UART_RS485_PM.obj', '.\DP8051\DP8051_Keil_951\Release\UART_RS485_INT.obj', '.\DP8051\DP8051_Keil_951\Release\UART_RS485_BOOT.obj', '.\DP8051\DP8051_Keil_951\Release\CLOCK_UART.obj', '.\DP8051\DP8051_Keil_951\Release\RS_485_EN.obj', '.\DP8051\DP8051_Keil_951\Release\ISR_RS485_RX.obj', '.\DP8051\DP8051_Keil_951\Release\EEPROM.obj', '.\DP8051\DP8051_Keil_951\Release\SPIM_1_IntClock.obj', '.\DP8051\DP8051_Keil_951\Release\Opto_Pin.obj', '.\DP8051\DP8051_Keil_951\Release\RS485_CTS.obj', '.\DP8051\DP8051_Keil_951\Release\RS485_CTS_PM.obj', '.\DP8051\DP8051_Keil_951\Release\FTDI_ENABLE_REG.obj', '.\DP8051\DP8051_Keil_951\Release\FTDI_ENABLE_REG_PM.obj', '.\DP8051\DP8051_Keil_951\Release\FTDI_ENABLE.obj', '.\DP8051\DP8051_Keil_951\Release\USB_VDD.obj', '.\DP8051\DP8051_Keil_951\Release\ADC.obj', '.\DP8051\DP8051_Keil_951\Release\ADC_PM.obj', '.\DP8051\DP8051_Keil_951\Release\ADC_INT.obj', '.\DP8051\DP8051_Keil_951\Release\ADC_AMux.obj', '.\DP8051\DP8051_Keil_951\Release\ADC_Ext_CP_Clk.obj', '.\DP8051\DP8051_Keil_951\Release\ADC_IRQ.obj', '.\DP8051\DP8051_Keil_951\Release\ADC_theACLK.obj' TO '.\DP8051\DP8051_Keil_951\Release\IMU_Glove_Mini.lib'
LX51.exe '.\DP8051\DP8051_Keil_951\Release\main.obj', '.\DP8051\DP8051_Keil_951\Release\IMU_functions.obj', '.\DP8051\DP8051_Keil_951\Release\command_processing.obj', '.\DP8051\DP8051_Keil_951\Release\globals.obj', '.\DP8051\DP8051_Keil_951\Release\interruptions.obj', '.\DP8051\DP8051_Keil_951\Release\IMU_Glove_Mini.lib', 'C:\Program Files (x86)\Cypress\PSoC Creator\3.3\PSoC Creator\psoc\content\cycomponentlibrary\CyComponentLibrary.cylib\DP8051\DP8051_Keil_951\Release\CyComponentLibrary.lib' TO '.\DP8051\DP8051_Keil_951\Release\IMU_Glove_Mini.omf' CODE RU RC(10) DW(16) WL(2) PR(.\DP8051\DP8051_Keil_951\Release/IMU_Glove_Mini.map) IX CL(XDATA(X:0x0000-X:0x1FFF)) CL(CODE(C:0x2600-C:0xFFBF)) CL(CONST(C:0x2600-C:0xFFBF))
*** WARNING L25: DATA TYPES DIFFERENT
    SYMBOL:  ISR_1_Stop
    MODULE:  .\DP8051\DP8051_Keil_951\Release\IMU_functions.obj (IMU_FUNCTIONS)
   DEFINED:  .\DP8051\DP8051_Keil_951\Release\IMU_Glove_Mini.lib (ISR_1)
*** WARNING L25: DATA TYPES DIFFERENT
    SYMBOL:  ISR_1_Disable
    MODULE:  .\DP8051\DP8051_Keil_951\Release\IMU_functions.obj (IMU_FUNCTIONS)
   DEFINED:  .\DP8051\DP8051_Keil_951\Release\IMU_Glove_Mini.lib (ISR_1)
*** WARNING L25: DATA TYPES DIFFERENT
    SYMBOL:  isr_1_Enable
    MODULE:  .\DP8051\DP8051_Keil_951\Release\IMU_functions.obj (IMU_FUNCTIONS)
   DEFINED:  .\DP8051\DP8051_Keil_951\Release\IMU_Glove_Mini.lib (ISR_1)
*** WARNING L25: DATA TYPES DIFFERENT
    SYMBOL:  isr_1_Start
    MODULE:  .\DP8051\DP8051_Keil_951\Release\IMU_functions.obj (IMU_FUNCTIONS)
   DEFINED:  .\DP8051\DP8051_Keil_951\Release\IMU_Glove_Mini.lib (ISR_1)
Program Size: data=24.0 xdata=705 const=61 code=9407
OHx51.exe IMU_Glove_Mini.omf HEXFILE(IMU_Glove_Mini.ihx)
c8051-elf-omf2elf.exe IMU_Glove_Mini.omf IMU_Glove_Mini.elf
cysymboladdressfinder.exe -f .\DP8051\DP8051_Keil_951\Release\IMU_Glove_Mini.elf -s STARTUP1 -p .\DP8051\DP8051_Keil_951\Release\entryaddress.txt -l FF0000
cyhextool -o .\DP8051\DP8051_Keil_951\Release\IMU_Glove_Mini.cyacd -f .\DP8051\DP8051_Keil_951\Release\IMU_Glove_Mini.ihx -flsLine 256 -arraySize 65536 -id 1E093069 -rev 3 -ecc .\Generated_Source\PSoC3\config.hex -metaRow 0 -blver 000000000000000000000000000000000000 -chksumEcc -blChkType 0 -endian b -a EEPROM=90200000:800,PROGRAM=00000000:10000,CONFIG=80000000:2000,PROTECT=90400000:40 -acd -acdStart 2600 -e .\DP8051\DP8051_Keil_951\Release\entryaddress.txt
cyhextool -o .\DP8051\DP8051_Keil_951\Release\IMU_Glove_Mini.hex -flsLine 256 -arraySize 65536 -bl .\bootloader_bin\bootloader.hex -blver 000000000000000000000000000000000000 -chksumEcc -blChkType 0 -endian b -prot .\Generated_Source\PSoC3\protect.hex -id 1E093069 -a EEPROM=90200000:800,PROGRAM=00000000:10000,CONFIG=80000000:2000,PROTECT=90400000:40 -meta 0301 -cunv 0800C007 -wonv BC90ACAF -ecc .\Generated_Source\PSoC3\config.hex -ld .\DP8051\DP8051_Keil_951\Release\IMU_Glove_Mini.ihx=2600:D9BF -acdStart 2600 -e .\DP8051\DP8051_Keil_951\Release\entryaddress.txt
Flash used: 19456 of 65536 bytes (29.7%). Bootloader: 9728 bytes. Application: 9472 bytes. Metadata: 256 bytes.
SRAM used: 705 of 8192 bytes (8.6%).
--------------- Build Succeeded: 04/30/2016 17:24:53 ---------------
