C51 COMPILER V9.51   GLOBALS                                                               04/30/2016 17:24:42 PAGE 1   


C51 COMPILER V9.51, COMPILATION OF MODULE GLOBALS
OBJECT MODULE PLACED IN .\DP8051\DP8051_Keil_951\Release\globals.obj
COMPILER INVOKED BY: C:\Program Files (x86)\Cypress\PSoC Creator\3.3\PSoC Creator\import\keil\pk51\9.51\C51\BIN\c51.exe 
                    -.\globals.c NOIV LARGE MODDP2 OMF2 VB(1) NOIP INCDIR(.,Generated_Source\PSoC3) FF(3) DB DF(NDEBUG) WL(2) PR(.\DP8051\DP8
                    -051_Keil_951\Release/globals.lst) CD OT(8,SIZE) OJ(.\DP8051\DP8051_Keil_951\Release\globals.obj)

line level    source

*** MESSAGE C286 IN LINE 0 OF (null): license limits optimization to level 5
   1          //=================================================================     includes
   2          #include <globals.h>
   3          
   4          //=============================================      global variables definition
   5          
   6          
   7          struct st_ref   g_ref;                  // motor variables
   8          struct st_meas  g_meas;                 // measurements
   9          struct st_data  g_rx;                   // income data
  10          struct st_mem   g_mem, c_mem;           // memory
  11          struct st_dev   device;                 // device related variables
  12          struct st_calib calib;
  13          
  14          int32 opened_hand_pos;
  15          int32 closed_hand_pos;
  16          int8 dx_sx_hand;            //-1 dx, 1 sx
  17          
  18          float tau_feedback;
  19          
  20          // utility timer value for display
  21          
  22          uint32 timer_value;
  23          
  24          uint8 reset_last_value_flag;
C51 COMPILER V9.51   GLOBALS                                                               04/30/2016 17:24:42 PAGE 2   

ASSEMBLY LISTING OF GENERATED OBJECT CODE




MODULE INFORMATION:   STATIC OVERLAYABLE
   CODE SIZE        =   ----    ----
   CONSTANT SIZE    =   ----    ----
   XDATA SIZE       =    410    ----
   PDATA SIZE       =   ----    ----
   DATA SIZE        =   ----    ----
   IDATA SIZE       =   ----    ----
   BIT SIZE         =   ----    ----
   EDATA SIZE       =   ----    ----
   HDATA SIZE       =   ----    ----
   XDATA CONST SIZE =   ----    ----
   FAR CONST SIZE   =   ----    ----
END OF MODULE INFORMATION.


C51 COMPILATION COMPLETE.  0 WARNING(S),  0 ERROR(S)
