--------------- Rebuild Started: 04/30/2016 17:23:29 Project: IMU_Glove_Mini, Configuration: DP8051 Keil 9.51 Release ---------------
Deleting file ".\DP8051\DP8051_Keil_951\Release\main.obj"
Deleting file ".\DP8051\DP8051_Keil_951\Release\IMU_functions.obj"
Deleting file ".\DP8051\DP8051_Keil_951\Release\command_processing.obj"
Deleting file ".\DP8051\DP8051_Keil_951\Release\globals.obj"
Deleting file ".\DP8051\DP8051_Keil_951\Release\interruptions.obj"
Deleting file ".\DP8051\DP8051_Keil_951\Release\cyfitter_cfg.obj"
Deleting file ".\DP8051\DP8051_Keil_951\Release\CyBootAsmKeil.obj"
Deleting file ".\DP8051\DP8051_Keil_951\Release\CyDmac.obj"
Deleting file ".\DP8051\DP8051_Keil_951\Release\CyFlash.obj"
Deleting file ".\DP8051\DP8051_Keil_951\Release\CyLib.obj"
Deleting file ".\DP8051\DP8051_Keil_951\Release\cymem.obj"
Deleting file ".\DP8051\DP8051_Keil_951\Release\cyPm.obj"
Deleting file ".\DP8051\DP8051_Keil_951\Release\CySpc.obj"
Deleting file ".\DP8051\DP8051_Keil_951\Release\cyutils.obj"
Deleting file ".\DP8051\DP8051_Keil_951\Release\KeilStart.obj"
Deleting file ".\DP8051\DP8051_Keil_951\Release\SPIM_1.obj"
Deleting file ".\DP8051\DP8051_Keil_951\Release\SPIM_1_PM.obj"
Deleting file ".\DP8051\DP8051_Keil_951\Release\SPIM_1_INT.obj"
Deleting file ".\DP8051\DP8051_Keil_951\Release\MISO.obj"
Deleting file ".\DP8051\DP8051_Keil_951\Release\MOSI.obj"
Deleting file ".\DP8051\DP8051_Keil_951\Release\SCLK.obj"
Deleting file ".\DP8051\DP8051_Keil_951\Release\Chip_Select.obj"
Deleting file ".\DP8051\DP8051_Keil_951\Release\Chip_Select_PM.obj"
Deleting file ".\DP8051\DP8051_Keil_951\Release\CS00.obj"
Deleting file ".\DP8051\DP8051_Keil_951\Release\CS01.obj"
Deleting file ".\DP8051\DP8051_Keil_951\Release\CS02.obj"
Deleting file ".\DP8051\DP8051_Keil_951\Release\CS03.obj"
Deleting file ".\DP8051\DP8051_Keil_951\Release\CS04.obj"
Deleting file ".\DP8051\DP8051_Keil_951\Release\CS05.obj"
Deleting file ".\DP8051\DP8051_Keil_951\Release\CS06.obj"
Deleting file ".\DP8051\DP8051_Keil_951\Release\CS07.obj"
Deleting file ".\DP8051\DP8051_Keil_951\Release\CS08.obj"
Deleting file ".\DP8051\DP8051_Keil_951\Release\CS09.obj"
Deleting file ".\DP8051\DP8051_Keil_951\Release\CS10.obj"
Deleting file ".\DP8051\DP8051_Keil_951\Release\CS11.obj"
Deleting file ".\DP8051\DP8051_Keil_951\Release\CS12.obj"
Deleting file ".\DP8051\DP8051_Keil_951\Release\CS13.obj"
Deleting file ".\DP8051\DP8051_Keil_951\Release\CS14.obj"
Deleting file ".\DP8051\DP8051_Keil_951\Release\CS15.obj"
Deleting file ".\DP8051\DP8051_Keil_951\Release\CS16.obj"
Deleting file ".\DP8051\DP8051_Keil_951\Release\EMG_1.obj"
Deleting file ".\DP8051\DP8051_Keil_951\Release\EMG_2.obj"
Deleting file ".\DP8051\DP8051_Keil_951\Release\AMux_1.obj"
Deleting file ".\DP8051\DP8051_Keil_951\Release\Bootloadable_1.obj"
Deleting file ".\DP8051\DP8051_Keil_951\Release\isr_clock.obj"
Deleting file ".\DP8051\DP8051_Keil_951\Release\isr_1.obj"
Deleting file ".\DP8051\DP8051_Keil_951\Release\UART_RS485.obj"
Deleting file ".\DP8051\DP8051_Keil_951\Release\UART_RS485_PM.obj"
Deleting file ".\DP8051\DP8051_Keil_951\Release\UART_RS485_INT.obj"
Deleting file ".\DP8051\DP8051_Keil_951\Release\UART_RS485_BOOT.obj"
Deleting file ".\DP8051\DP8051_Keil_951\Release\CLOCK_UART.obj"
Deleting file ".\DP8051\DP8051_Keil_951\Release\RS_485_EN.obj"
Deleting file ".\DP8051\DP8051_Keil_951\Release\ISR_RS485_RX.obj"
Deleting file ".\DP8051\DP8051_Keil_951\Release\EEPROM.obj"
Deleting file ".\DP8051\DP8051_Keil_951\Release\SPIM_1_IntClock.obj"
Deleting file ".\DP8051\DP8051_Keil_951\Release\Opto_Pin.obj"
Deleting file ".\DP8051\DP8051_Keil_951\Release\RS485_CTS.obj"
Deleting file ".\DP8051\DP8051_Keil_951\Release\RS485_CTS_PM.obj"
Deleting file ".\DP8051\DP8051_Keil_951\Release\FTDI_ENABLE_REG.obj"
Deleting file ".\DP8051\DP8051_Keil_951\Release\FTDI_ENABLE_REG_PM.obj"
Deleting file ".\DP8051\DP8051_Keil_951\Release\FTDI_ENABLE.obj"
Deleting file ".\DP8051\DP8051_Keil_951\Release\USB_VDD.obj"
Deleting file ".\DP8051\DP8051_Keil_951\Release\ADC.obj"
Deleting file ".\DP8051\DP8051_Keil_951\Release\ADC_PM.obj"
Deleting file ".\DP8051\DP8051_Keil_951\Release\ADC_INT.obj"
Deleting file ".\DP8051\DP8051_Keil_951\Release\ADC_AMux.obj"
Deleting file ".\DP8051\DP8051_Keil_951\Release\ADC_Ext_CP_Clk.obj"
Deleting file ".\DP8051\DP8051_Keil_951\Release\ADC_IRQ.obj"
Deleting file ".\DP8051\DP8051_Keil_951\Release\ADC_theACLK.obj"
Deleting file ".\DP8051\DP8051_Keil_951\Release\IMU_Glove_Mini.elf"
Deleting file ".\DP8051\DP8051_Keil_951\Release\IMU_Glove_Mini.map"
Deleting file ".\DP8051\DP8051_Keil_951\Release\IMU_Glove_Mini.cyacd"
Deleting file ".\IMU_Glove_Mini.cycdx"
Deleting file ".\IMU_Glove_Mini.svd"
Deleting file ".\IMU_Glove_Mini.rpt"
Deleting file ".\IMU_Glove_Mini_timing.html"
Deleting file ".\DP8051\DP8051_Keil_951\Release\.deps\C_FILE.P"
Deleting file ".\DP8051\DP8051_Keil_951\Release\.deps\DP8051_C_FILE.P"
Deleting file ".\DP8051\DP8051_Keil_951\Release\.deps\KEIL_8051_ASM_FILE.P"
cydsfit.exe -.appdatapath "C:\Users\MattiaCP\AppData\Local\Cypress Semiconductor\PSoC Creator\3.3" -.fdsnotice -.fdswarpdepfile=warp_dependencies.txt -.fdselabdepfile=elab_dependencies.txt -.fdsbldfile=generated_files.txt -p "C:\Users\MattiaCP\Desktop\FIRMWARES\Firmware IMU Mini\IMU_Glove_Mini\IMU_Glove_Mini.cydsn\IMU_Glove_Mini.cyprj" -d CY8C3246PVI-147 -s "C:\Users\MattiaCP\Desktop\FIRMWARES\Firmware IMU Mini\IMU_Glove_Mini\IMU_Glove_Mini.cydsn\Generated_Source\PSoC3" -- -yv2 -q10 -ygs -o2 -v3 -.fftcfgtype=BE
Elaborating Design...
ADD: pft.M0028: warning: Clock Warning: (isr_clock's accuracy range '142.857  Hz -50% +100%, (71.429  Hz - 285.714  Hz)' is not within the specified tolerance range '140  Hz +/- 5%, (133  Hz - 147  Hz)'.).
 * C:\Users\MattiaCP\Desktop\FIRMWARES\Firmware IMU Mini\IMU_Glove_Mini\IMU_Glove_Mini.cydsn\IMU_Glove_Mini.cydwr (isr_clock)
 * C:\Users\MattiaCP\Desktop\FIRMWARES\Firmware IMU Mini\IMU_Glove_Mini\IMU_Glove_Mini.cydsn\TopDesign\TopDesign.cysch (Instance:isr_clock)
ADD: pft.M0086: error: Error in component: Bootloadable_1. The referenced Bootloader is invalid. Verify the Bootloader dependency is correct in the Bootloadable Component, then build project. Invalid bootloader hex file. Unable to read the hex file (C:\Users\MattiaCP\Desktop\FIRMWARES\Firmware IMU Mini\bootloader_bin\bootloader.hex). The path does not exist.
 * C:\Users\MattiaCP\Desktop\FIRMWARES\Firmware IMU Mini\IMU_Glove_Mini\IMU_Glove_Mini.cydsn\TopDesign\TopDesign.cysch (Instance:Bootloadable_1)
ADD: pft.M0086: error: Error in component: Bootloadable_1. The referenced Bootloader is invalid. Verify the Bootloader dependency is correct in the Bootloadable Component, then build project. Invalid bootloader elf file. Unable to read the elf file (C:\Users\MattiaCP\Desktop\FIRMWARES\Firmware IMU Mini\bootloader_bin\bootloader.elf). The path does not exist.
 * C:\Users\MattiaCP\Desktop\FIRMWARES\Firmware IMU Mini\IMU_Glove_Mini\IMU_Glove_Mini.cydsn\TopDesign\TopDesign.cysch (Instance:Bootloadable_1)
Error: cdf.M0005: CyDsFit aborted due to errors, please address all errors and rerun CyDsFit. (App=cydsfit)
--------------- Rebuild Failed: 04/30/2016 17:23:32 ---------------
